Using pre-set license
Built from '2022.3/staging' branch; Version is '2022.3.13f1 (5f90a5ebde0f) revision 6262949'; Using compiler version '192829333'; Build Type 'Release'
OS: 'Windows 11  (10.0.22621) 64bit IoTEnterprise' Language: 'ru' Physical Memory: 40700 MB
BatchMode: 1, IsHumanControllingUs: 0, StartBugReporterOnCrash: 0, Is64bit: 1, IsPro: 1

COMMAND LINE ARGUMENTS:
C:\Program Files\Unity\Hub\Editor\2022.3.13f1\Editor\Unity.exe
-adb2
-batchMode
-noUpm
-name
AssetImportWorker3
-projectPath
C:/Unity/My project
-logFile
Logs/AssetImportWorker3.log
-srvPort
53197
Successfully changed project path to: C:/Unity/My project
C:/Unity/My project
[UnityMemory] Configuration Parameters - Can be set up in boot.config
    "memorysetup-bucket-allocator-granularity=16"
    "memorysetup-bucket-allocator-bucket-count=8"
    "memorysetup-bucket-allocator-block-size=33554432"
    "memorysetup-bucket-allocator-block-count=8"
    "memorysetup-main-allocator-block-size=16777216"
    "memorysetup-thread-allocator-block-size=16777216"
    "memorysetup-gfx-main-allocator-block-size=16777216"
    "memorysetup-gfx-thread-allocator-block-size=16777216"
    "memorysetup-cache-allocator-block-size=4194304"
    "memorysetup-typetree-allocator-block-size=2097152"
    "memorysetup-profiler-bucket-allocator-granularity=16"
    "memorysetup-profiler-bucket-allocator-bucket-count=8"
    "memorysetup-profiler-bucket-allocator-block-size=33554432"
    "memorysetup-profiler-bucket-allocator-block-count=8"
    "memorysetup-profiler-allocator-block-size=16777216"
    "memorysetup-profiler-editor-allocator-block-size=1048576"
    "memorysetup-temp-allocator-size-main=16777216"
    "memorysetup-job-temp-allocator-block-size=2097152"
    "memorysetup-job-temp-allocator-block-size-background=1048576"
    "memorysetup-job-temp-allocator-reduction-small-platforms=262144"
    "memorysetup-allocator-temp-initial-block-size-main=262144"
    "memorysetup-allocator-temp-initial-block-size-worker=262144"
    "memorysetup-temp-allocator-size-background-worker=32768"
    "memorysetup-temp-allocator-size-job-worker=262144"
    "memorysetup-temp-allocator-size-preload-manager=33554432"
    "memorysetup-temp-allocator-size-nav-mesh-worker=65536"
    "memorysetup-temp-allocator-size-audio-worker=65536"
    "memorysetup-temp-allocator-size-cloud-worker=32768"
    "memorysetup-temp-allocator-size-gi-baking-worker=262144"
    "memorysetup-temp-allocator-size-gfx=262144"
Player connection [33700] Host "[IP] 192.168.111.1 [Port] 0 [Flags] 2 [Guid] 3428782760 [EditorId] 3428782760 [Version] 1048832 [Id] WindowsEditor(7,UEFI-based-laptop) [Debug] 1 [PackageName] WindowsEditor [ProjectName] Editor" joined multi-casting on [225.0.0.222:54997]...

Player connection [33700] Host "[IP] 192.168.111.1 [Port] 0 [Flags] 2 [Guid] 3428782760 [EditorId] 3428782760 [Version] 1048832 [Id] WindowsEditor(7,UEFI-based-laptop) [Debug] 1 [PackageName] WindowsEditor [ProjectName] Editor" joined alternative multi-casting on [225.0.0.222:34997]...

[Physics::Module] Initialized MultithreadedJobDispatcher with 19 workers.
Refreshing native plugins compatible for Editor in 6.81 ms, found 3 plugins.
Preloading 0 native plugins for Editor in 0.00 ms.
Initialize engine version: 2022.3.13f1 (5f90a5ebde0f)
[Subsystems] Discovering subsystems at path C:/Program Files/Unity/Hub/Editor/2022.3.13f1/Editor/Data/Resources/UnitySubsystems
[Subsystems] Discovering subsystems at path C:/Unity/My project/Assets
GfxDevice: creating device client; threaded=0; jobified=0
Direct3D:
    Version:  Direct3D 11.0 [level 11.1]
    Renderer: NVIDIA GeForce RTX 3070 Laptop GPU (ID=0x24dd)
    Vendor:   NVIDIA
    VRAM:     8033 MB
    Driver:   31.0.15.3699
Initialize mono
Mono path[0] = 'C:/Program Files/Unity/Hub/Editor/2022.3.13f1/Editor/Data/Managed'
Mono path[1] = 'C:/Program Files/Unity/Hub/Editor/2022.3.13f1/Editor/Data/MonoBleedingEdge/lib/mono/unityjit-win32'
Mono config path = 'C:/Program Files/Unity/Hub/Editor/2022.3.13f1/Editor/Data/MonoBleedingEdge/etc'
Using monoOptions --debugger-agent=transport=dt_socket,embedding=1,server=y,suspend=n,address=127.0.0.1:56344
Begin MonoManager ReloadAssembly
Registering precompiled unity dll's ...
Register platform support module: C:/Program Files/Unity/Hub/Editor/2022.3.13f1/Editor/Data/PlaybackEngines/WindowsStandaloneSupport/UnityEditor.WindowsStandalone.Extensions.dll
Register platform support module: C:/Program Files/Unity/Hub/Editor/2022.3.13f1/Editor/Data/PlaybackEngines/MetroSupport/UnityEditor.UWP.Extensions.dll
Registered in 0.008071 seconds.
- Loaded All Assemblies, in  0.384 seconds
Native extension for UWP target not found
Native extension for WindowsStandalone target not found
Mono: successfully reloaded assembly
- Finished resetting the current domain, in  0.204 seconds
Domain Reload Profiling: 587ms
	BeginReloadAssembly (149ms)
		ExecutionOrderSort (0ms)
		DisableScriptedObjects (0ms)
		BackupInstance (0ms)
		ReleaseScriptingObjects (0ms)
		CreateAndSetChildDomain (1ms)
	RebuildCommonClasses (32ms)
	RebuildNativeTypeToScriptingClass (11ms)
	initialDomainReloadingComplete (51ms)
	LoadAllAssembliesAndSetupDomain (138ms)
		LoadAssemblies (148ms)
		RebuildTransferFunctionScriptingTraits (0ms)
		AnalyzeDomain (135ms)
			TypeCache.Refresh (134ms)
				TypeCache.ScanAssembly (116ms)
			ScanForSourceGeneratedMonoScriptInfo (0ms)
			ResolveRequiredComponents (0ms)
	FinalizeReload (205ms)
		ReleaseScriptCaches (0ms)
		RebuildScriptCaches (0ms)
		SetupLoadedEditorAssemblies (162ms)
			LogAssemblyErrors (0ms)
			InitializePlatformSupportModulesInManaged (7ms)
			SetLoadedEditorAssemblies (5ms)
			RefreshPlugins (0ms)
			BeforeProcessingInitializeOnLoad (2ms)
			ProcessInitializeOnLoadAttributes (108ms)
			ProcessInitializeOnLoadMethodAttributes (40ms)
			AfterProcessingInitializeOnLoad (0ms)
			EditorAssembliesLoaded (0ms)
		ExecutionOrderSort2 (0ms)
		AwakeInstancesAfterBackupRestoration (0ms)
========================================================================
Worker process is ready to serve import requests
Begin MonoManager ReloadAssembly
- Loaded All Assemblies, in  0.608 seconds
Refreshing native plugins compatible for Editor in 2.31 ms, found 3 plugins.
Native extension for UWP target not found
Native extension for WindowsStandalone target not found
Package Manager log level set to [2]
[Package Manager] Server::EnsureServerProcessIsRunning -- launch failed, reason: Unity was launched with the -noUpm command-line argument
[Package Manager] UpmClient::Send -- Unable to send message (not connected to UPM process).
[Package Manager] Cannot connect to Unity Package Manager local server
Mono: successfully reloaded assembly
- Finished resetting the current domain, in  0.584 seconds
Domain Reload Profiling: 1190ms
	BeginReloadAssembly (142ms)
		ExecutionOrderSort (0ms)
		DisableScriptedObjects (7ms)
		BackupInstance (0ms)
		ReleaseScriptingObjects (0ms)
		CreateAndSetChildDomain (16ms)
	RebuildCommonClasses (32ms)
	RebuildNativeTypeToScriptingClass (10ms)
	initialDomainReloadingComplete (31ms)
	LoadAllAssembliesAndSetupDomain (391ms)
		LoadAssemblies (299ms)
		RebuildTransferFunctionScriptingTraits (0ms)
		AnalyzeDomain (174ms)
			TypeCache.Refresh (159ms)
				TypeCache.ScanAssembly (146ms)
			ScanForSourceGeneratedMonoScriptInfo (12ms)
			ResolveRequiredComponents (3ms)
	FinalizeReload (584ms)
		ReleaseScriptCaches (0ms)
		RebuildScriptCaches (0ms)
		SetupLoadedEditorAssemblies (460ms)
			LogAssemblyErrors (0ms)
			InitializePlatformSupportModulesInManaged (5ms)
			SetLoadedEditorAssemblies (4ms)
			RefreshPlugins (0ms)
			BeforeProcessingInitializeOnLoad (41ms)
			ProcessInitializeOnLoadAttributes (386ms)
			ProcessInitializeOnLoadMethodAttributes (19ms)
			AfterProcessingInitializeOnLoad (5ms)
			EditorAssembliesLoaded (0ms)
		ExecutionOrderSort2 (0ms)
		AwakeInstancesAfterBackupRestoration (8ms)
Launched and connected shader compiler UnityShaderCompiler.exe after 0.04 seconds
Refreshing native plugins compatible for Editor in 2.21 ms, found 3 plugins.
Preloading 0 native plugins for Editor in 0.00 ms.
Unloading 3083 Unused Serialized files (Serialized files now loaded: 0)
Unloading 32 unused Assets / (56.9 KB). Loaded Objects now: 3546.
Memory consumption went from 123.1 MB to 123.0 MB.
Total: 2.431200 ms (FindLiveObjects: 0.151200 ms CreateObjectMapping: 0.061300 ms MarkObjects: 2.121300 ms  DeleteObjects: 0.095800 ms)

AssetImportParameters requested are different than current active one (requested -> active):
  custom:container-demuxer-ogg: 62fdf1f143b41e24485cea50d1cbac27 -> 
  custom:video-codec-MediaFoundation-h265: 746d11721c4dcdbdad8f713fa42b33f4 -> 
  custom:video-decoder-ogg-theora: a1e56fd34408186e4bbccfd4996cb3dc -> 
  custom:framework-win-MediaFoundation: 216162199b28c13a410421893ffa2e32 -> 
  custom:CustomObjectIndexerAttribute: 756ad292c208cfabdd7b50bc23989ffe -> 
  custom:container-demuxer-webm: 4f35f7cbe854078d1ac9338744f61a02 -> 
  custom:container-muxer-webm: aa71ff27fc2769a1b78a27578f13a17b -> 
  custom:video-decoder-webm-vp8: 9c59270c3fd7afecdb556c50c9e8de78 -> 
  custom:SearchIndexIgnoredProperties: e643bd26f0fe6173181afceb89e7c659 -> 
  custom:AudioImporter_EditorPlatform: d09bf68614088b80899f8185d706f6e7 -> 
  custom:video-encoder-webm-vp8: eb34c28f22e8b96e1ab97ce403110664 -> 
  custom:audio-decoder-ogg-vorbis: bf7c407c2cedff20999df2af8eb42d56 -> 
  custom:audio-encoder-webm-vorbis: bf7c407c2cedff20999df2af8eb42d56 -> 
========================================================================
Received Prepare
Begin MonoManager ReloadAssembly
- Loaded All Assemblies, in  0.503 seconds
Refreshing native plugins compatible for Editor in 5.09 ms, found 3 plugins.
Native extension for UWP target not found
Native extension for WindowsStandalone target not found
[Package Manager] Server::EnsureServerProcessIsRunning -- launch failed, reason: Unity was launched with the -noUpm command-line argument
[Package Manager] UpmClient::Send -- Unable to send message (not connected to UPM process).
[Package Manager] Cannot connect to Unity Package Manager local server
Mono: successfully reloaded assembly
- Finished resetting the current domain, in  1.076 seconds
Domain Reload Profiling: 1577ms
	BeginReloadAssembly (201ms)
		ExecutionOrderSort (0ms)
		DisableScriptedObjects (8ms)
		BackupInstance (0ms)
		ReleaseScriptingObjects (0ms)
		CreateAndSetChildDomain (30ms)
	RebuildCommonClasses (38ms)
	RebuildNativeTypeToScriptingClass (10ms)
	initialDomainReloadingComplete (32ms)
	LoadAllAssembliesAndSetupDomain (217ms)
		LoadAssemblies (324ms)
		RebuildTransferFunctionScriptingTraits (0ms)
		AnalyzeDomain (21ms)
			TypeCache.Refresh (7ms)
				TypeCache.ScanAssembly (0ms)
			ScanForSourceGeneratedMonoScriptInfo (6ms)
			ResolveRequiredComponents (6ms)
	FinalizeReload (1077ms)
		ReleaseScriptCaches (0ms)
		RebuildScriptCaches (0ms)
		SetupLoadedEditorAssemblies (515ms)
			LogAssemblyErrors (0ms)
			InitializePlatformSupportModulesInManaged (7ms)
			SetLoadedEditorAssemblies (3ms)
			RefreshPlugins (0ms)
			BeforeProcessingInitializeOnLoad (68ms)
			ProcessInitializeOnLoadAttributes (416ms)
			ProcessInitializeOnLoadMethodAttributes (16ms)
			AfterProcessingInitializeOnLoad (5ms)
			EditorAssembliesLoaded (0ms)
		ExecutionOrderSort2 (0ms)
		AwakeInstancesAfterBackupRestoration (8ms)
Refreshing native plugins compatible for Editor in 4.09 ms, found 3 plugins.
Preloading 0 native plugins for Editor in 0.00 ms.
Unloading 3077 Unused Serialized files (Serialized files now loaded: 0)
Unloading 23 unused Assets / (31.1 KB). Loaded Objects now: 3550.
Memory consumption went from 124.1 MB to 124.1 MB.
Total: 3.771400 ms (FindLiveObjects: 0.191000 ms CreateObjectMapping: 0.086100 ms MarkObjects: 3.440800 ms  DeleteObjects: 0.052500 ms)

Prepare: number of updated asset objects reloaded= 0
AssetImportParameters requested are different than current active one (requested -> active):
  custom:container-demuxer-ogg: 62fdf1f143b41e24485cea50d1cbac27 -> 
  custom:video-codec-MediaFoundation-h265: 746d11721c4dcdbdad8f713fa42b33f4 -> 
  custom:video-decoder-ogg-theora: a1e56fd34408186e4bbccfd4996cb3dc -> 
  custom:framework-win-MediaFoundation: 216162199b28c13a410421893ffa2e32 -> 
  custom:CustomObjectIndexerAttribute: 756ad292c208cfabdd7b50bc23989ffe -> 
  custom:container-demuxer-webm: 4f35f7cbe854078d1ac9338744f61a02 -> 
  custom:container-muxer-webm: aa71ff27fc2769a1b78a27578f13a17b -> 
  custom:video-decoder-webm-vp8: 9c59270c3fd7afecdb556c50c9e8de78 -> 
  custom:SearchIndexIgnoredProperties: e643bd26f0fe6173181afceb89e7c659 -> 
  custom:AudioImporter_EditorPlatform: d09bf68614088b80899f8185d706f6e7 -> 
  custom:video-encoder-webm-vp8: eb34c28f22e8b96e1ab97ce403110664 -> 
  custom:audio-decoder-ogg-vorbis: bf7c407c2cedff20999df2af8eb42d56 -> 
  custom:audio-encoder-webm-vorbis: bf7c407c2cedff20999df2af8eb42d56 -> 
========================================================================
Received Import Request.
  Time since last request: 25711.432218 seconds.
  path: Assets/Blink/Art/Characters/LowPoly/FREE_HumanLowPoly/Textures_Humans/LowPolyCharacterTexture.png
  artifactKey: Guid(7f66bbe09d1d8b64fab1a28afd42a2ed) Importer(815301076,1909f56bfc062723c751e8b465ee728b)
Start importing Assets/Blink/Art/Characters/LowPoly/FREE_HumanLowPoly/Textures_Humans/LowPolyCharacterTexture.png using Guid(7f66bbe09d1d8b64fab1a28afd42a2ed) Importer(815301076,1909f56bfc062723c751e8b465ee728b)  -> (artifact id: 'cf88d7e02e01e0bc52db66c0a41ef685') in 0.048364 seconds
Number of updated asset objects reloaded before import = 0
Number of asset objects unloaded after import = 2
========================================================================
Received Import Request.
  Time since last request: 3.012804 seconds.
  path: Assets/Blink/Art/Characters/LowPoly/FREE_HumanLowPoly/Meshes_Humans/ArmorMeshes_Humans/StarterArmor_HumanMale.fbx
  artifactKey: Guid(ecec9226167ad6a449f4f1b112b740b3) Importer(815301076,1909f56bfc062723c751e8b465ee728b)
Start importing Assets/Blink/Art/Characters/LowPoly/FREE_HumanLowPoly/Meshes_Humans/ArmorMeshes_Humans/StarterArmor_HumanMale.fbx using Guid(ecec9226167ad6a449f4f1b112b740b3) Importer(815301076,1909f56bfc062723c751e8b465ee728b)  -> (artifact id: 'c00014a4022f36aa0452d55f56827691') in 0.129857 seconds
Number of updated asset objects reloaded before import = 0
Number of asset objects unloaded after import = 188
========================================================================
Received Import Request.
  Time since last request: 2.324129 seconds.
  path: Assets/Blink/Art/Characters/LowPoly/FREE_HumanLowPoly/Materials_Humans/Body.mat
  artifactKey: Guid(95fcf9331ca635c459a201f2c56f44dc) Importer(815301076,1909f56bfc062723c751e8b465ee728b)
Start importing Assets/Blink/Art/Characters/LowPoly/FREE_HumanLowPoly/Materials_Humans/Body.mat using Guid(95fcf9331ca635c459a201f2c56f44dc) Importer(815301076,1909f56bfc062723c751e8b465ee728b)  -> (artifact id: '6185999b89169261d469c5743883f995') in 0.171581 seconds
Number of updated asset objects reloaded before import = 0
Number of asset objects unloaded after import = 1
========================================================================
Received Import Request.
  Time since last request: 42.208255 seconds.
  path: Assets/Stones_and_buried_treasure/Prefabs/Barrel_Open.prefab
  artifactKey: Guid(2d561752e6200834db6fb19d8d3220b2) Importer(815301076,1909f56bfc062723c751e8b465ee728b)
Start importing Assets/Stones_and_buried_treasure/Prefabs/Barrel_Open.prefab using Guid(2d561752e6200834db6fb19d8d3220b2) Importer(815301076,1909f56bfc062723c751e8b465ee728b)  -> (artifact id: 'f0bf2e51d146931f65307ae7c8ebfcf4') in 0.006852 seconds
Number of updated asset objects reloaded before import = 0
Number of asset objects unloaded after import = 9
========================================================================
Received Import Request.
  Time since last request: 0.001219 seconds.
  path: Assets/Stones_and_buried_treasure/Prefabs/Bone.prefab
  artifactKey: Guid(11be0398bf08b574c839d66a800c6174) Importer(815301076,1909f56bfc062723c751e8b465ee728b)
Start importing Assets/Stones_and_buried_treasure/Prefabs/Bone.prefab using Guid(11be0398bf08b574c839d66a800c6174) Importer(815301076,1909f56bfc062723c751e8b465ee728b)  -> (artifact id: 'b63d7e3dec361083d6696303de55e3af') in 0.007287 seconds
Number of updated asset objects reloaded before import = 0
Number of asset objects unloaded after import = 8
========================================================================
Received Import Request.
  Time since last request: 0.001403 seconds.
  path: Assets/Stones_and_buried_treasure/Prefabs/Chest_Open_Cap.prefab
  artifactKey: Guid(7e7ac078c68820d4e8f9deec111d9d53) Importer(815301076,1909f56bfc062723c751e8b465ee728b)
Start importing Assets/Stones_and_buried_treasure/Prefabs/Chest_Open_Cap.prefab using Guid(7e7ac078c68820d4e8f9deec111d9d53) Importer(815301076,1909f56bfc062723c751e8b465ee728b)  -> (artifact id: 'c110ea6cb61c8fd79afb3c1f86fac2cb') in 0.008809 seconds
Number of updated asset objects reloaded before import = 0
Number of asset objects unloaded after import = 9
========================================================================
Received Import Request.
  Time since last request: 0.000026 seconds.
  path: Assets/Stones_and_buried_treasure/Prefabs/Stone_6.prefab
  artifactKey: Guid(dbaf68191bab69546985647875561946) Importer(815301076,1909f56bfc062723c751e8b465ee728b)
Start importing Assets/Stones_and_buried_treasure/Prefabs/Stone_6.prefab using Guid(dbaf68191bab69546985647875561946) Importer(815301076,1909f56bfc062723c751e8b465ee728b)  -> (artifact id: '47c6b63e71757c49d7c7a9868c2b26ae') in 0.008598 seconds
Number of updated asset objects reloaded before import = 0
Number of asset objects unloaded after import = 8
========================================================================
Received Import Request.
  Time since last request: 0.000017 seconds.
  path: Assets/Stones_and_buried_treasure/Prefabs/РЎoin.prefab
  artifactKey: Guid(e3df14a44368b9c47a6175eebd31535d) Importer(815301076,1909f56bfc062723c751e8b465ee728b)
Start importing Assets/Stones_and_buried_treasure/Prefabs/РЎoin.prefab using Guid(e3df14a44368b9c47a6175eebd31535d) Importer(815301076,1909f56bfc062723c751e8b465ee728b)  -> (artifact id: 'e4771b0d42bfdb911298d6ba11f0f23b') in 0.007598 seconds
Number of updated asset objects reloaded before import = 0
Number of asset objects unloaded after import = 8
========================================================================
Received Import Request.
  Time since last request: 0.000014 seconds.
  path: Assets/Stones_and_buried_treasure/Prefabs/Shield.prefab
  artifactKey: Guid(75940785cec02894881375a52dcba655) Importer(815301076,1909f56bfc062723c751e8b465ee728b)
Start importing Assets/Stones_and_buried_treasure/Prefabs/Shield.prefab using Guid(75940785cec02894881375a52dcba655) Importer(815301076,1909f56bfc062723c751e8b465ee728b)  -> (artifact id: 'e4c5f392e70e7af8944d6cf533e93930') in 0.017900 seconds
Number of updated asset objects reloaded before import = 0
Number of asset objects unloaded after import = 10
========================================================================
Received Import Request.
  Time since last request: 0.000016 seconds.
  path: Assets/Stones_and_buried_treasure/Prefabs/Stone_11.prefab
  artifactKey: Guid(8b49696b2432a634e9f45dd8ad4aab80) Importer(815301076,1909f56bfc062723c751e8b465ee728b)
Start importing Assets/Stones_and_buried_treasure/Prefabs/Stone_11.prefab using Guid(8b49696b2432a634e9f45dd8ad4aab80) Importer(815301076,1909f56bfc062723c751e8b465ee728b)  -> (artifact id: 'cd8bb8f5a929b133d23f8315371aeeac') in 0.008582 seconds
Number of updated asset objects reloaded before import = 0
Number of asset objects unloaded after import = 8
========================================================================
Received Import Request.
  Time since last request: 0.000014 seconds.
  path: Assets/Stones_and_buried_treasure/Prefabs/Stone_12.prefab
  artifactKey: Guid(e745df1298631f24789a1313146ae9a5) Importer(815301076,1909f56bfc062723c751e8b465ee728b)
Start importing Assets/Stones_and_buried_treasure/Prefabs/Stone_12.prefab using Guid(e745df1298631f24789a1313146ae9a5) Importer(815301076,1909f56bfc062723c751e8b465ee728b)  -> (artifact id: 'aad259b685e395841334325948216229') in 0.007008 seconds
Number of updated asset objects reloaded before import = 0
Number of asset objects unloaded after import = 8
========================================================================
Received Import Request.
  Time since last request: 0.000019 seconds.
  path: Assets/Stones_and_buried_treasure/Prefabs/Ruby.prefab
  artifactKey: Guid(20df3b3bdddb94f47b7d2e59e491ff51) Importer(815301076,1909f56bfc062723c751e8b465ee728b)
Start importing Assets/Stones_and_buried_treasure/Prefabs/Ruby.prefab using Guid(20df3b3bdddb94f47b7d2e59e491ff51) Importer(815301076,1909f56bfc062723c751e8b465ee728b)  -> (artifact id: '08e287808c4309e0ce2ba1fe021ee5ac') in 0.009876 seconds
Number of updated asset objects reloaded before import = 0
Number of asset objects unloaded after import = 8
========================================================================
Received Import Request.
  Time since last request: 0.000021 seconds.
  path: Assets/Stones_and_buried_treasure/Prefabs/Stone_2.prefab
  artifactKey: Guid(6e1def531c4baaf4387bc4283f7ef134) Importer(815301076,1909f56bfc062723c751e8b465ee728b)
Start importing Assets/Stones_and_buried_treasure/Prefabs/Stone_2.prefab using Guid(6e1def531c4baaf4387bc4283f7ef134) Importer(815301076,1909f56bfc062723c751e8b465ee728b)  -> (artifact id: '458bec5ba495080cccf26ad929ebb583') in 0.010588 seconds
Number of updated asset objects reloaded before import = 0
Number of asset objects unloaded after import = 8
========================================================================
Received Import Request.
  Time since last request: 0.000020 seconds.
  path: Assets/Stones_and_buried_treasure/Prefabs/РЎrystal_1.prefab
  artifactKey: Guid(2485624f732b618439e23cb8081d41dc) Importer(815301076,1909f56bfc062723c751e8b465ee728b)
Start importing Assets/Stones_and_buried_treasure/Prefabs/РЎrystal_1.prefab using Guid(2485624f732b618439e23cb8081d41dc) Importer(815301076,1909f56bfc062723c751e8b465ee728b)  -> (artifact id: 'c653aa1e9ca9ed36db34b86df788d723') in 0.006368 seconds
Number of updated asset objects reloaded before import = 0
Number of asset objects unloaded after import = 8
========================================================================
Received Import Request.
  Time since last request: 0.000020 seconds.
  path: Assets/Stones_and_buried_treasure/Prefabs/Elixir_Of_Health.prefab
  artifactKey: Guid(fb1342e2566442642a1b0da9756b066e) Importer(815301076,1909f56bfc062723c751e8b465ee728b)
Start importing Assets/Stones_and_buried_treasure/Prefabs/Elixir_Of_Health.prefab using Guid(fb1342e2566442642a1b0da9756b066e) Importer(815301076,1909f56bfc062723c751e8b465ee728b)  -> (artifact id: '322015be7f1ad861e70c8feee1fae38d') in 0.007164 seconds
Number of updated asset objects reloaded before import = 0
Number of asset objects unloaded after import = 9
========================================================================
Received Import Request.
  Time since last request: 0.000055 seconds.
  path: Assets/Stones_and_buried_treasure/Prefabs/Stone_8.prefab
  artifactKey: Guid(06feddaacfebcc845a71837d24b4ed20) Importer(815301076,1909f56bfc062723c751e8b465ee728b)
Start importing Assets/Stones_and_buried_treasure/Prefabs/Stone_8.prefab using Guid(06feddaacfebcc845a71837d24b4ed20) Importer(815301076,1909f56bfc062723c751e8b465ee728b)  -> (artifact id: 'cefe4e7ca167dfca12073230884e554e') in 0.008040 seconds
Number of updated asset objects reloaded before import = 0
Number of asset objects unloaded after import = 8
========================================================================
Received Import Request.
  Time since last request: 0.000019 seconds.
  path: Assets/Stones_and_buried_treasure/Prefabs/Chest_Open.prefab
  artifactKey: Guid(33bf31b2b982a14499d546025065ad22) Importer(815301076,1909f56bfc062723c751e8b465ee728b)
Start importing Assets/Stones_and_buried_treasure/Prefabs/Chest_Open.prefab using Guid(33bf31b2b982a14499d546025065ad22) Importer(815301076,1909f56bfc062723c751e8b465ee728b)  -> (artifact id: '7e653a6612549ad01fe6be97f2ef05ce') in 0.009377 seconds
Number of updated asset objects reloaded before import = 0
Number of asset objects unloaded after import = 9
========================================================================
Received Import Request.
  Time since last request: 0.000022 seconds.
  path: Assets/Stones_and_buried_treasure/Prefabs/Stone_3.prefab
  artifactKey: Guid(fca867e93da64f84c8cc00bde5b816f0) Importer(815301076,1909f56bfc062723c751e8b465ee728b)
Start importing Assets/Stones_and_buried_treasure/Prefabs/Stone_3.prefab using Guid(fca867e93da64f84c8cc00bde5b816f0) Importer(815301076,1909f56bfc062723c751e8b465ee728b)  -> (artifact id: '5dbbe2da98e11323bbe784bb1382c389') in 0.007159 seconds
Number of updated asset objects reloaded before import = 0
Number of asset objects unloaded after import = 8
========================================================================
Received Import Request.
  Time since last request: 0.000012 seconds.
  path: Assets/Stones_and_buried_treasure/Prefabs/Stone_18.prefab
  artifactKey: Guid(0308f8ff86e69154a8064da3ef456125) Importer(815301076,1909f56bfc062723c751e8b465ee728b)
Start importing Assets/Stones_and_buried_treasure/Prefabs/Stone_18.prefab using Guid(0308f8ff86e69154a8064da3ef456125) Importer(815301076,1909f56bfc062723c751e8b465ee728b)  -> (artifact id: 'fe1f130b0a35cf2021909570d0589898') in 0.007532 seconds
Number of updated asset objects reloaded before import = 0
Number of asset objects unloaded after import = 8
========================================================================
Received Import Request.
  Time since last request: 0.000048 seconds.
  path: Assets/Stones_and_buried_treasure/Prefabs/Stone_13.prefab
  artifactKey: Guid(36d90c33e9b776448a1f2dfc975ffda5) Importer(815301076,1909f56bfc062723c751e8b465ee728b)
Start importing Assets/Stones_and_buried_treasure/Prefabs/Stone_13.prefab using Guid(36d90c33e9b776448a1f2dfc975ffda5) Importer(815301076,1909f56bfc062723c751e8b465ee728b)  -> (artifact id: '996c0462278b68459c8205258f526d29') in 0.008461 seconds
Number of updated asset objects reloaded before import = 0
Number of asset objects unloaded after import = 8
========================================================================
Received Import Request.
  Time since last request: 0.000019 seconds.
  path: Assets/Stones_and_buried_treasure/Prefabs/Stone_7.prefab
  artifactKey: Guid(41746623d92e6994586a79f8ebd3681a) Importer(815301076,1909f56bfc062723c751e8b465ee728b)
Start importing Assets/Stones_and_buried_treasure/Prefabs/Stone_7.prefab using Guid(41746623d92e6994586a79f8ebd3681a) Importer(815301076,1909f56bfc062723c751e8b465ee728b)  -> (artifact id: '9cf0c7bbea1f7445fd3f86430c76513a') in 0.009907 seconds
Number of updated asset objects reloaded before import = 0
Number of asset objects unloaded after import = 8
========================================================================
Received Import Request.
  Time since last request: 0.000016 seconds.
  path: Assets/Stones_and_buried_treasure/Prefabs/Stone_15.prefab
  artifactKey: Guid(7e9e129d389d7b840aff77f25f41451c) Importer(815301076,1909f56bfc062723c751e8b465ee728b)
Start importing Assets/Stones_and_buried_treasure/Prefabs/Stone_15.prefab using Guid(7e9e129d389d7b840aff77f25f41451c) Importer(815301076,1909f56bfc062723c751e8b465ee728b)  -> (artifact id: 'db8296b22643bbf016cff4830bbbb13b') in 0.007030 seconds
Number of updated asset objects reloaded before import = 0
Number of asset objects unloaded after import = 8
========================================================================
Received Import Request.
  Time since last request: 0.000020 seconds.
  path: Assets/Stones_and_buried_treasure/Prefabs/Key.prefab
  artifactKey: Guid(5f19be0067756ea45bd6b780e9794b80) Importer(815301076,1909f56bfc062723c751e8b465ee728b)
Start importing Assets/Stones_and_buried_treasure/Prefabs/Key.prefab using Guid(5f19be0067756ea45bd6b780e9794b80) Importer(815301076,1909f56bfc062723c751e8b465ee728b)  -> (artifact id: '1965b249e667ca18c1c1f63a285a8edb') in 0.010130 seconds
Number of updated asset objects reloaded before import = 0
Number of asset objects unloaded after import = 8
Editor requested this worker to shutdown with reason: Scaling down because of idle timeout
TcpMessagingSession - receive error: operation aborted. errorcode: 995, details: Операция ввода/вывода была прервана из-за завершения потока команд или по запросу приложения.
AssetImportWorker is now disconnected from the server
Process exiting
Exiting without the bug reporter. Application will terminate with return code 0