Using pre-set license
Built from '2022.3/staging' branch; Version is '2022.3.13f1 (5f90a5ebde0f) revision 6262949'; Using compiler version '192829333'; Build Type 'Release'
OS: 'Windows 11  (10.0.22621) 64bit IoTEnterprise' Language: 'ru' Physical Memory: 40700 MB
BatchMode: 1, IsHumanControllingUs: 0, StartBugReporterOnCrash: 0, Is64bit: 1, IsPro: 1

COMMAND LINE ARGUMENTS:
C:\Program Files\Unity\Hub\Editor\2022.3.13f1\Editor\Unity.exe
-adb2
-batchMode
-noUpm
-name
AssetImportWorker0
-projectPath
C:/Unity/My project
-logFile
Logs/AssetImportWorker0.log
-srvPort
53197
Successfully changed project path to: C:/Unity/My project
C:/Unity/My project
[UnityMemory] Configuration Parameters - Can be set up in boot.config
    "memorysetup-bucket-allocator-granularity=16"
    "memorysetup-bucket-allocator-bucket-count=8"
    "memorysetup-bucket-allocator-block-size=33554432"
    "memorysetup-bucket-allocator-block-count=8"
    "memorysetup-main-allocator-block-size=16777216"
    "memorysetup-thread-allocator-block-size=16777216"
    "memorysetup-gfx-main-allocator-block-size=16777216"
    "memorysetup-gfx-thread-allocator-block-size=16777216"
    "memorysetup-cache-allocator-block-size=4194304"
    "memorysetup-typetree-allocator-block-size=2097152"
    "memorysetup-profiler-bucket-allocator-granularity=16"
    "memorysetup-profiler-bucket-allocator-bucket-count=8"
    "memorysetup-profiler-bucket-allocator-block-size=33554432"
    "memorysetup-profiler-bucket-allocator-block-count=8"
    "memorysetup-profiler-allocator-block-size=16777216"
    "memorysetup-profiler-editor-allocator-block-size=1048576"
    "memorysetup-temp-allocator-size-main=16777216"
    "memorysetup-job-temp-allocator-block-size=2097152"
    "memorysetup-job-temp-allocator-block-size-background=1048576"
    "memorysetup-job-temp-allocator-reduction-small-platforms=262144"
    "memorysetup-allocator-temp-initial-block-size-main=262144"
    "memorysetup-allocator-temp-initial-block-size-worker=262144"
    "memorysetup-temp-allocator-size-background-worker=32768"
    "memorysetup-temp-allocator-size-job-worker=262144"
    "memorysetup-temp-allocator-size-preload-manager=33554432"
    "memorysetup-temp-allocator-size-nav-mesh-worker=65536"
    "memorysetup-temp-allocator-size-audio-worker=65536"
    "memorysetup-temp-allocator-size-cloud-worker=32768"
    "memorysetup-temp-allocator-size-gi-baking-worker=262144"
    "memorysetup-temp-allocator-size-gfx=262144"
Player connection [1108] Host "[IP] 192.168.111.1 [Port] 0 [Flags] 2 [Guid] 4231059183 [EditorId] 4231059183 [Version] 1048832 [Id] WindowsEditor(7,UEFI-based-laptop) [Debug] 1 [PackageName] WindowsEditor [ProjectName] Editor" joined multi-casting on [225.0.0.222:54997]...

Player connection [1108] Host "[IP] 192.168.111.1 [Port] 0 [Flags] 2 [Guid] 4231059183 [EditorId] 4231059183 [Version] 1048832 [Id] WindowsEditor(7,UEFI-based-laptop) [Debug] 1 [PackageName] WindowsEditor [ProjectName] Editor" joined alternative multi-casting on [225.0.0.222:34997]...

[Physics::Module] Initialized MultithreadedJobDispatcher with 19 workers.
Refreshing native plugins compatible for Editor in 8.67 ms, found 3 plugins.
Preloading 0 native plugins for Editor in 0.00 ms.
Initialize engine version: 2022.3.13f1 (5f90a5ebde0f)
[Subsystems] Discovering subsystems at path C:/Program Files/Unity/Hub/Editor/2022.3.13f1/Editor/Data/Resources/UnitySubsystems
[Subsystems] Discovering subsystems at path C:/Unity/My project/Assets
GfxDevice: creating device client; threaded=0; jobified=0
Direct3D:
    Version:  Direct3D 11.0 [level 11.1]
    Renderer: NVIDIA GeForce RTX 3070 Laptop GPU (ID=0x24dd)
    Vendor:   NVIDIA
    VRAM:     8033 MB
    Driver:   31.0.15.3699
Initialize mono
Mono path[0] = 'C:/Program Files/Unity/Hub/Editor/2022.3.13f1/Editor/Data/Managed'
Mono path[1] = 'C:/Program Files/Unity/Hub/Editor/2022.3.13f1/Editor/Data/MonoBleedingEdge/lib/mono/unityjit-win32'
Mono config path = 'C:/Program Files/Unity/Hub/Editor/2022.3.13f1/Editor/Data/MonoBleedingEdge/etc'
Using monoOptions --debugger-agent=transport=dt_socket,embedding=1,server=y,suspend=n,address=127.0.0.1:56452
Begin MonoManager ReloadAssembly
Registering precompiled unity dll's ...
Register platform support module: C:/Program Files/Unity/Hub/Editor/2022.3.13f1/Editor/Data/PlaybackEngines/WindowsStandaloneSupport/UnityEditor.WindowsStandalone.Extensions.dll
Register platform support module: C:/Program Files/Unity/Hub/Editor/2022.3.13f1/Editor/Data/PlaybackEngines/MetroSupport/UnityEditor.UWP.Extensions.dll
Registered in 0.006573 seconds.
- Loaded All Assemblies, in  0.467 seconds
Native extension for UWP target not found
Native extension for WindowsStandalone target not found
Mono: successfully reloaded assembly
- Finished resetting the current domain, in  0.239 seconds
Domain Reload Profiling: 706ms
	BeginReloadAssembly (176ms)
		ExecutionOrderSort (0ms)
		DisableScriptedObjects (0ms)
		BackupInstance (0ms)
		ReleaseScriptingObjects (0ms)
		CreateAndSetChildDomain (1ms)
	RebuildCommonClasses (41ms)
	RebuildNativeTypeToScriptingClass (18ms)
	initialDomainReloadingComplete (69ms)
	LoadAllAssembliesAndSetupDomain (162ms)
		LoadAssemblies (175ms)
		RebuildTransferFunctionScriptingTraits (0ms)
		AnalyzeDomain (159ms)
			TypeCache.Refresh (158ms)
				TypeCache.ScanAssembly (144ms)
			ScanForSourceGeneratedMonoScriptInfo (0ms)
			ResolveRequiredComponents (0ms)
	FinalizeReload (240ms)
		ReleaseScriptCaches (0ms)
		RebuildScriptCaches (0ms)
		SetupLoadedEditorAssemblies (187ms)
			LogAssemblyErrors (0ms)
			InitializePlatformSupportModulesInManaged (7ms)
			SetLoadedEditorAssemblies (5ms)
			RefreshPlugins (0ms)
			BeforeProcessingInitializeOnLoad (2ms)
			ProcessInitializeOnLoadAttributes (128ms)
			ProcessInitializeOnLoadMethodAttributes (45ms)
			AfterProcessingInitializeOnLoad (0ms)
			EditorAssembliesLoaded (0ms)
		ExecutionOrderSort2 (0ms)
		AwakeInstancesAfterBackupRestoration (0ms)
========================================================================
Worker process is ready to serve import requests
Begin MonoManager ReloadAssembly
- Loaded All Assemblies, in  0.689 seconds
Refreshing native plugins compatible for Editor in 2.70 ms, found 3 plugins.
Native extension for UWP target not found
Native extension for WindowsStandalone target not found
Package Manager log level set to [2]
[Package Manager] Server::EnsureServerProcessIsRunning -- launch failed, reason: Unity was launched with the -noUpm command-line argument
[Package Manager] UpmClient::Send -- Unable to send message (not connected to UPM process).
[Package Manager] Cannot connect to Unity Package Manager local server
Mono: successfully reloaded assembly
- Finished resetting the current domain, in  0.660 seconds
Domain Reload Profiling: 1347ms
	BeginReloadAssembly (156ms)
		ExecutionOrderSort (0ms)
		DisableScriptedObjects (4ms)
		BackupInstance (0ms)
		ReleaseScriptingObjects (0ms)
		CreateAndSetChildDomain (17ms)
	RebuildCommonClasses (32ms)
	RebuildNativeTypeToScriptingClass (10ms)
	initialDomainReloadingComplete (42ms)
	LoadAllAssembliesAndSetupDomain (447ms)
		LoadAssemblies (338ms)
		RebuildTransferFunctionScriptingTraits (0ms)
		AnalyzeDomain (207ms)
			TypeCache.Refresh (184ms)
				TypeCache.ScanAssembly (166ms)
			ScanForSourceGeneratedMonoScriptInfo (17ms)
			ResolveRequiredComponents (5ms)
	FinalizeReload (660ms)
		ReleaseScriptCaches (0ms)
		RebuildScriptCaches (0ms)
		SetupLoadedEditorAssemblies (531ms)
			LogAssemblyErrors (0ms)
			InitializePlatformSupportModulesInManaged (6ms)
			SetLoadedEditorAssemblies (4ms)
			RefreshPlugins (0ms)
			BeforeProcessingInitializeOnLoad (52ms)
			ProcessInitializeOnLoadAttributes (433ms)
			ProcessInitializeOnLoadMethodAttributes (31ms)
			AfterProcessingInitializeOnLoad (6ms)
			EditorAssembliesLoaded (0ms)
		ExecutionOrderSort2 (0ms)
		AwakeInstancesAfterBackupRestoration (8ms)
Launched and connected shader compiler UnityShaderCompiler.exe after 0.05 seconds
Refreshing native plugins compatible for Editor in 2.94 ms, found 3 plugins.
Preloading 0 native plugins for Editor in 0.00 ms.
Unloading 3083 Unused Serialized files (Serialized files now loaded: 0)
Unloading 32 unused Assets / (56.8 KB). Loaded Objects now: 3544.
Memory consumption went from 122.5 MB to 122.4 MB.
Total: 2.831100 ms (FindLiveObjects: 0.183100 ms CreateObjectMapping: 0.079200 ms MarkObjects: 2.484000 ms  DeleteObjects: 0.083500 ms)

AssetImportParameters requested are different than current active one (requested -> active):
  custom:container-demuxer-ogg: 62fdf1f143b41e24485cea50d1cbac27 -> 
  custom:video-codec-MediaFoundation-h265: 746d11721c4dcdbdad8f713fa42b33f4 -> 
  custom:video-decoder-ogg-theora: a1e56fd34408186e4bbccfd4996cb3dc -> 
  custom:framework-win-MediaFoundation: 216162199b28c13a410421893ffa2e32 -> 
  custom:CustomObjectIndexerAttribute: 756ad292c208cfabdd7b50bc23989ffe -> 
  custom:container-demuxer-webm: 4f35f7cbe854078d1ac9338744f61a02 -> 
  custom:container-muxer-webm: aa71ff27fc2769a1b78a27578f13a17b -> 
  custom:video-decoder-webm-vp8: 9c59270c3fd7afecdb556c50c9e8de78 -> 
  custom:SearchIndexIgnoredProperties: e643bd26f0fe6173181afceb89e7c659 -> 
  custom:AudioImporter_EditorPlatform: d09bf68614088b80899f8185d706f6e7 -> 
  custom:video-encoder-webm-vp8: eb34c28f22e8b96e1ab97ce403110664 -> 
  custom:audio-decoder-ogg-vorbis: bf7c407c2cedff20999df2af8eb42d56 -> 
  custom:audio-encoder-webm-vorbis: bf7c407c2cedff20999df2af8eb42d56 -> 
========================================================================
Received Import Request.
  Time since last request: 25410.262571 seconds.
  path: Assets/FantasyCharactersDwarf-Free/Models
  artifactKey: Guid(9b1ffdc62fc649642a54499a17b1ba4d) Importer(815301076,1909f56bfc062723c751e8b465ee728b)
Start importing Assets/FantasyCharactersDwarf-Free/Models using Guid(9b1ffdc62fc649642a54499a17b1ba4d) Importer(815301076,1909f56bfc062723c751e8b465ee728b)  -> (artifact id: '8c3b908941757a839d888b71a93ee296') in 0.002270 seconds
Number of updated asset objects reloaded before import = 0
Number of asset objects unloaded after import = 0
========================================================================
Received Import Request.
  Time since last request: 0.089560 seconds.
  path: Assets/FantasyCharactersDwarf-Free/Models/Dwarf Berserker.fbx
  artifactKey: Guid(4b31158a600f6cd46b2255fe65387395) Importer(815301076,1909f56bfc062723c751e8b465ee728b)
Start importing Assets/FantasyCharactersDwarf-Free/Models/Dwarf Berserker.fbx using Guid(4b31158a600f6cd46b2255fe65387395) Importer(815301076,1909f56bfc062723c751e8b465ee728b)  -> (artifact id: 'd89358a7bf0256d2aff7c6346fce8ffd') in 0.615639 seconds
Number of updated asset objects reloaded before import = 0
Number of asset objects unloaded after import = 307
========================================================================
Received Import Request.
  Time since last request: 30.388767 seconds.
  path: Assets/FantasyCharactersDwarf-Free/Prefab
  artifactKey: Guid(4bf39084030c14cfeb8b90680b6d5fde) Importer(815301076,1909f56bfc062723c751e8b465ee728b)
Start importing Assets/FantasyCharactersDwarf-Free/Prefab using Guid(4bf39084030c14cfeb8b90680b6d5fde) Importer(815301076,1909f56bfc062723c751e8b465ee728b)  -> (artifact id: 'e5a27ea4e3881bed7af8f38073881971') in 0.000482 seconds
Number of updated asset objects reloaded before import = 0
Number of asset objects unloaded after import = 0
========================================================================
Received Import Request.
  Time since last request: 0.064679 seconds.
  path: Assets/FantasyCharactersDwarf-Free/Prefab/Dwarf BerserkerM.prefab
  artifactKey: Guid(2bdbc34c6abe44717aca1013ebad4f6e) Importer(815301076,1909f56bfc062723c751e8b465ee728b)
Start importing Assets/FantasyCharactersDwarf-Free/Prefab/Dwarf BerserkerM.prefab using Guid(2bdbc34c6abe44717aca1013ebad4f6e) Importer(815301076,1909f56bfc062723c751e8b465ee728b)  -> (artifact id: 'ce9c8e3d9409d1e2b5d2dff6d3e34b93') in 0.284617 seconds
Number of updated asset objects reloaded before import = 0
Number of asset objects unloaded after import = 339
========================================================================
Received Import Request.
  Time since last request: 178.857853 seconds.
  path: Assets/Blink
  artifactKey: Guid(52c2a03984722754188875f0b6f9fd31) Importer(815301076,1909f56bfc062723c751e8b465ee728b)
Start importing Assets/Blink using Guid(52c2a03984722754188875f0b6f9fd31) Importer(815301076,1909f56bfc062723c751e8b465ee728b)  -> (artifact id: '33545b046de8707948d9aea2c01fb43d') in 0.000724 seconds
Number of updated asset objects reloaded before import = 0
Number of asset objects unloaded after import = 0
========================================================================
Received Import Request.
  Time since last request: 0.630192 seconds.
  path: Assets/Blink/Art
  artifactKey: Guid(129d5b9f03c802a4193de37d8fd7019e) Importer(815301076,1909f56bfc062723c751e8b465ee728b)
Start importing Assets/Blink/Art using Guid(129d5b9f03c802a4193de37d8fd7019e) Importer(815301076,1909f56bfc062723c751e8b465ee728b)  -> (artifact id: 'fc25c1bc2efd9346b762e876d470a783') in 0.000466 seconds
Number of updated asset objects reloaded before import = 0
Number of asset objects unloaded after import = 0
========================================================================
Received Import Request.
  Time since last request: 1.073126 seconds.
  path: Assets/Blink/Art/Characters
  artifactKey: Guid(d3108140d939a4a4d99396fca81ed378) Importer(815301076,1909f56bfc062723c751e8b465ee728b)
Start importing Assets/Blink/Art/Characters using Guid(d3108140d939a4a4d99396fca81ed378) Importer(815301076,1909f56bfc062723c751e8b465ee728b)  -> (artifact id: 'bfb5b5de6172f3e88c83426f92434dd0') in 0.000449 seconds
Number of updated asset objects reloaded before import = 0
Number of asset objects unloaded after import = 0
========================================================================
Received Import Request.
  Time since last request: 0.637008 seconds.
  path: Assets/Blink/Art/Characters/Stylized
  artifactKey: Guid(8d4697148658c5d43af10bd4e0f73490) Importer(815301076,1909f56bfc062723c751e8b465ee728b)
Start importing Assets/Blink/Art/Characters/Stylized using Guid(8d4697148658c5d43af10bd4e0f73490) Importer(815301076,1909f56bfc062723c751e8b465ee728b)  -> (artifact id: '310ca477d3e45fea99ff91eba36b1b1a') in 0.000479 seconds
Number of updated asset objects reloaded before import = 0
Number of asset objects unloaded after import = 0
========================================================================
Received Import Request.
  Time since last request: 0.753627 seconds.
  path: Assets/Blink/Art/Characters/Stylized/Demo_Characters
  artifactKey: Guid(a630f8566229f2643a90bf03c5b321e8) Importer(815301076,1909f56bfc062723c751e8b465ee728b)
Start importing Assets/Blink/Art/Characters/Stylized/Demo_Characters using Guid(a630f8566229f2643a90bf03c5b321e8) Importer(815301076,1909f56bfc062723c751e8b465ee728b)  -> (artifact id: '381224c49b7b555482c13f5b67a904b5') in 0.000428 seconds
Number of updated asset objects reloaded before import = 0
Number of asset objects unloaded after import = 0
========================================================================
Received Import Request.
  Time since last request: 0.088480 seconds.
  path: Assets/Blink/Art/Characters/Stylized/Demo_Characters/PPProfile.asset
  artifactKey: Guid(f77256c1bd3936e4ca0904891105b16b) Importer(815301076,1909f56bfc062723c751e8b465ee728b)
Start importing Assets/Blink/Art/Characters/Stylized/Demo_Characters/PPProfile.asset using Guid(f77256c1bd3936e4ca0904891105b16b) Importer(815301076,1909f56bfc062723c751e8b465ee728b)  -> (artifact id: 'd62d53e5557b2416ca03038bdf3e3567') in 0.001144 seconds
Number of updated asset objects reloaded before import = 0
Number of asset objects unloaded after import = 1
========================================================================
Received Import Request.
  Time since last request: 2.231605 seconds.
  path: Assets/Blink/Art/Characters/Stylized/Humans
  artifactKey: Guid(3f19fedded1641c4895d8d5aedb17e9b) Importer(815301076,1909f56bfc062723c751e8b465ee728b)
Start importing Assets/Blink/Art/Characters/Stylized/Humans using Guid(3f19fedded1641c4895d8d5aedb17e9b) Importer(815301076,1909f56bfc062723c751e8b465ee728b)  -> (artifact id: 'bf1544f1b84c12d3681f5ffe9b5876ea') in 0.000453 seconds
Number of updated asset objects reloaded before import = 0
Number of asset objects unloaded after import = 0
========================================================================
Received Import Request.
  Time since last request: 1.995611 seconds.
  path: Assets/Blink/Art/Characters/Stylized/Humans/Armors_Humans
  artifactKey: Guid(0913f8068afc2dd4880792303416168f) Importer(815301076,1909f56bfc062723c751e8b465ee728b)
Start importing Assets/Blink/Art/Characters/Stylized/Humans/Armors_Humans using Guid(0913f8068afc2dd4880792303416168f) Importer(815301076,1909f56bfc062723c751e8b465ee728b)  -> (artifact id: 'd2538ee04ef0f56e569701514c22399b') in 0.000416 seconds
Number of updated asset objects reloaded before import = 0
Number of asset objects unloaded after import = 0
========================================================================
Received Import Request.
  Time since last request: 0.725220 seconds.
  path: Assets/Blink/Art/Characters/Stylized/Humans/Armors_Humans/Materials_ArmorsHumans
  artifactKey: Guid(c6b5ce09edcb0fd4c9270f4d18a6e241) Importer(815301076,1909f56bfc062723c751e8b465ee728b)
Start importing Assets/Blink/Art/Characters/Stylized/Humans/Armors_Humans/Materials_ArmorsHumans using Guid(c6b5ce09edcb0fd4c9270f4d18a6e241) Importer(815301076,1909f56bfc062723c751e8b465ee728b)  -> (artifact id: '6151708ebe758da2147d90e1c366c131') in 0.000493 seconds
Number of updated asset objects reloaded before import = 0
Number of asset objects unloaded after import = 0
========================================================================
Received Import Request.
  Time since last request: 0.078202 seconds.
  path: Assets/Blink/Art/Characters/Stylized/Humans/Armors_Humans/Materials_ArmorsHumans/StarterArmor_1.mat
  artifactKey: Guid(bd95d05da092ee546bb149f526e4d054) Importer(815301076,1909f56bfc062723c751e8b465ee728b)
Start importing Assets/Blink/Art/Characters/Stylized/Humans/Armors_Humans/Materials_ArmorsHumans/StarterArmor_1.mat using Guid(bd95d05da092ee546bb149f526e4d054) Importer(815301076,1909f56bfc062723c751e8b465ee728b)  -> (artifact id: '1f333b165febd237896f381108ca17f7') in 0.293906 seconds
Number of updated asset objects reloaded before import = 0
Number of asset objects unloaded after import = 5
========================================================================
Received Import Request.
  Time since last request: 0.000020 seconds.
  path: Assets/Blink/Art/Characters/Stylized/Humans/Armors_Humans/Materials_ArmorsHumans/StarterArmor_3.mat
  artifactKey: Guid(0cead53e4ecd4a04798672bd2e5ad8e8) Importer(815301076,1909f56bfc062723c751e8b465ee728b)
Start importing Assets/Blink/Art/Characters/Stylized/Humans/Armors_Humans/Materials_ArmorsHumans/StarterArmor_3.mat using Guid(0cead53e4ecd4a04798672bd2e5ad8e8) Importer(815301076,1909f56bfc062723c751e8b465ee728b)  -> (artifact id: '7a439a7dfc9823d7de968ce2fa2d6b4e') in 0.021362 seconds
Number of updated asset objects reloaded before import = 0
Number of asset objects unloaded after import = 5
========================================================================
Received Import Request.
  Time since last request: 2.557460 seconds.
  path: Assets/Blink/Art/Characters/Stylized/Humans/Armors_Humans/Meshes_ArmorsHumans
  artifactKey: Guid(41042fc50436c7e418dd46b4a5c7c600) Importer(815301076,1909f56bfc062723c751e8b465ee728b)
Start importing Assets/Blink/Art/Characters/Stylized/Humans/Armors_Humans/Meshes_ArmorsHumans using Guid(41042fc50436c7e418dd46b4a5c7c600) Importer(815301076,1909f56bfc062723c751e8b465ee728b)  -> (artifact id: '09e373abfeb83486b9f062cb4bb4e244') in 0.000559 seconds
Number of updated asset objects reloaded before import = 0
Number of asset objects unloaded after import = 0
========================================================================
Received Import Request.
  Time since last request: 0.070384 seconds.
  path: Assets/Blink/Art/Characters/Stylized/Humans/Armors_Humans/Meshes_ArmorsHumans/StarterArmor_HumanMale.fbx
  artifactKey: Guid(55295a45c3d658c44b42c8e67983b8db) Importer(815301076,1909f56bfc062723c751e8b465ee728b)
Start importing Assets/Blink/Art/Characters/Stylized/Humans/Armors_Humans/Meshes_ArmorsHumans/StarterArmor_HumanMale.fbx using Guid(55295a45c3d658c44b42c8e67983b8db) Importer(815301076,1909f56bfc062723c751e8b465ee728b)  -> (artifact id: '66a461503e1b3e125ed64fd34f32d002') in 0.043487 seconds
Number of updated asset objects reloaded before import = 0
Number of asset objects unloaded after import = 209
========================================================================
Received Import Request.
  Time since last request: 7.939864 seconds.
  path: Assets/Blink/Art/Characters/Stylized/Humans/Armors_Humans/Textures_ArmorsHumans
  artifactKey: Guid(ab8c01bb2113e244c9eeb2018444fef4) Importer(815301076,1909f56bfc062723c751e8b465ee728b)
Start importing Assets/Blink/Art/Characters/Stylized/Humans/Armors_Humans/Textures_ArmorsHumans using Guid(ab8c01bb2113e244c9eeb2018444fef4) Importer(815301076,1909f56bfc062723c751e8b465ee728b)  -> (artifact id: '0a1d55823257298a4db1ed3f2461ef82') in 0.000610 seconds
Number of updated asset objects reloaded before import = 0
Number of asset objects unloaded after import = 0
========================================================================
Received Import Request.
  Time since last request: 0.051679 seconds.
  path: Assets/Blink/Art/Characters/Stylized/Humans/Armors_Humans/Textures_ArmorsHumans/StarterArmor_AO.png
  artifactKey: Guid(9ad94f6f35f70b34fbbd2849cf447245) Importer(815301076,1909f56bfc062723c751e8b465ee728b)
Start importing Assets/Blink/Art/Characters/Stylized/Humans/Armors_Humans/Textures_ArmorsHumans/StarterArmor_AO.png using Guid(9ad94f6f35f70b34fbbd2849cf447245) Importer(815301076,1909f56bfc062723c751e8b465ee728b)  -> (artifact id: 'dd7a7e47a4d351174f7b5edc900364bb') in 0.025513 seconds
Number of updated asset objects reloaded before import = 0
Number of asset objects unloaded after import = 2
========================================================================
Received Import Request.
  Time since last request: 0.000295 seconds.
  path: Assets/Blink/Art/Characters/Stylized/Humans/Armors_Humans/Textures_ArmorsHumans/StarterArmor_Normals.png
  artifactKey: Guid(e177d5bb74558254481e153a0dd6a6de) Importer(815301076,1909f56bfc062723c751e8b465ee728b)
Start importing Assets/Blink/Art/Characters/Stylized/Humans/Armors_Humans/Textures_ArmorsHumans/StarterArmor_Normals.png using Guid(e177d5bb74558254481e153a0dd6a6de) Importer(815301076,1909f56bfc062723c751e8b465ee728b)  -> (artifact id: 'eba3ec9f2e39d7de9d97ff7fdc9ee936') in 0.018718 seconds
Number of updated asset objects reloaded before import = 0
Number of asset objects unloaded after import = 2
========================================================================
Received Import Request.
  Time since last request: 0.000023 seconds.
  path: Assets/Blink/Art/Characters/Stylized/Humans/Armors_Humans/Textures_ArmorsHumans/StarterArmor_BaseColor3.png
  artifactKey: Guid(9a7bb3ecfa19c5a43bf96ea260592d61) Importer(815301076,1909f56bfc062723c751e8b465ee728b)
Start importing Assets/Blink/Art/Characters/Stylized/Humans/Armors_Humans/Textures_ArmorsHumans/StarterArmor_BaseColor3.png using Guid(9a7bb3ecfa19c5a43bf96ea260592d61) Importer(815301076,1909f56bfc062723c751e8b465ee728b)  -> (artifact id: 'b10816f64c2a75ca3ed4aad7b5956682') in 0.040909 seconds
Number of updated asset objects reloaded before import = 0
Number of asset objects unloaded after import = 2
========================================================================
Received Import Request.
  Time since last request: 0.000116 seconds.
  path: Assets/Blink/Art/Characters/Stylized/Humans/Armors_Humans/Textures_ArmorsHumans/StarterArmor_Metallic.png
  artifactKey: Guid(db908c9fe4a953e48b2012ab87881eb4) Importer(815301076,1909f56bfc062723c751e8b465ee728b)
Start importing Assets/Blink/Art/Characters/Stylized/Humans/Armors_Humans/Textures_ArmorsHumans/StarterArmor_Metallic.png using Guid(db908c9fe4a953e48b2012ab87881eb4) Importer(815301076,1909f56bfc062723c751e8b465ee728b)  -> (artifact id: '7d786cd2a3f3067dfe45e6a8544bcbfe') in 0.015112 seconds
Number of updated asset objects reloaded before import = 0
Number of asset objects unloaded after import = 2
========================================================================
Received Prepare
Begin MonoManager ReloadAssembly
- Loaded All Assemblies, in  0.503 seconds
Refreshing native plugins compatible for Editor in 2.57 ms, found 3 plugins.
Native extension for UWP target not found
Native extension for WindowsStandalone target not found
[Package Manager] Server::EnsureServerProcessIsRunning -- launch failed, reason: Unity was launched with the -noUpm command-line argument
[Package Manager] UpmClient::Send -- Unable to send message (not connected to UPM process).
[Package Manager] Cannot connect to Unity Package Manager local server
Mono: successfully reloaded assembly
- Finished resetting the current domain, in  1.061 seconds
Domain Reload Profiling: 1562ms
	BeginReloadAssembly (205ms)
		ExecutionOrderSort (0ms)
		DisableScriptedObjects (4ms)
		BackupInstance (0ms)
		ReleaseScriptingObjects (0ms)
		CreateAndSetChildDomain (36ms)
	RebuildCommonClasses (36ms)
	RebuildNativeTypeToScriptingClass (9ms)
	initialDomainReloadingComplete (31ms)
	LoadAllAssembliesAndSetupDomain (220ms)
		LoadAssemblies (334ms)
		RebuildTransferFunctionScriptingTraits (0ms)
		AnalyzeDomain (18ms)
			TypeCache.Refresh (7ms)
				TypeCache.ScanAssembly (0ms)
			ScanForSourceGeneratedMonoScriptInfo (6ms)
			ResolveRequiredComponents (3ms)
	FinalizeReload (1062ms)
		ReleaseScriptCaches (0ms)
		RebuildScriptCaches (0ms)
		SetupLoadedEditorAssemblies (512ms)
			LogAssemblyErrors (0ms)
			InitializePlatformSupportModulesInManaged (8ms)
			SetLoadedEditorAssemblies (4ms)
			RefreshPlugins (0ms)
			BeforeProcessingInitializeOnLoad (62ms)
			ProcessInitializeOnLoadAttributes (408ms)
			ProcessInitializeOnLoadMethodAttributes (26ms)
			AfterProcessingInitializeOnLoad (5ms)
			EditorAssembliesLoaded (0ms)
		ExecutionOrderSort2 (0ms)
		AwakeInstancesAfterBackupRestoration (7ms)
Refreshing native plugins compatible for Editor in 3.25 ms, found 3 plugins.
Preloading 0 native plugins for Editor in 0.00 ms.
Unloading 3076 Unused Serialized files (Serialized files now loaded: 0)
Unloading 23 unused Assets / (31.1 KB). Loaded Objects now: 3598.
Memory consumption went from 130.4 MB to 130.4 MB.
Total: 2.863600 ms (FindLiveObjects: 0.184500 ms CreateObjectMapping: 0.077900 ms MarkObjects: 2.557400 ms  DeleteObjects: 0.042100 ms)

Prepare: number of updated asset objects reloaded= 0
AssetImportParameters requested are different than current active one (requested -> active):
  custom:container-demuxer-ogg: 62fdf1f143b41e24485cea50d1cbac27 -> 
  custom:video-codec-MediaFoundation-h265: 746d11721c4dcdbdad8f713fa42b33f4 -> 
  custom:video-decoder-ogg-theora: a1e56fd34408186e4bbccfd4996cb3dc -> 
  custom:framework-win-MediaFoundation: 216162199b28c13a410421893ffa2e32 -> 
  custom:CustomObjectIndexerAttribute: 756ad292c208cfabdd7b50bc23989ffe -> 
  custom:container-demuxer-webm: 4f35f7cbe854078d1ac9338744f61a02 -> 
  custom:container-muxer-webm: aa71ff27fc2769a1b78a27578f13a17b -> 
  custom:video-decoder-webm-vp8: 9c59270c3fd7afecdb556c50c9e8de78 -> 
  custom:SearchIndexIgnoredProperties: e643bd26f0fe6173181afceb89e7c659 -> 
  custom:AudioImporter_EditorPlatform: d09bf68614088b80899f8185d706f6e7 -> 
  custom:video-encoder-webm-vp8: eb34c28f22e8b96e1ab97ce403110664 -> 
  custom:audio-decoder-ogg-vorbis: bf7c407c2cedff20999df2af8eb42d56 -> 
  custom:audio-encoder-webm-vorbis: bf7c407c2cedff20999df2af8eb42d56 -> 
Editor requested this worker to shutdown with reason: Scaling down because of idle timeout
TcpMessagingSession - receive error: operation aborted. errorcode: 995, details: ќпераци€ ввода/вывода была прервана из-за завершени€ потока команд или по запросу приложени€.
AssetImportWorker is now disconnected from the server
Process exiting
Exiting without the bug reporter. Application will terminate with return code 0