Using pre-set license
Built from '2022.3/staging' branch; Version is '2022.3.13f1 (5f90a5ebde0f) revision 6262949'; Using compiler version '192829333'; Build Type 'Release'
OS: 'Windows 11  (10.0.22621) 64bit IoTEnterprise' Language: 'ru' Physical Memory: 40700 MB
BatchMode: 1, IsHumanControllingUs: 0, StartBugReporterOnCrash: 0, Is64bit: 1, IsPro: 1

COMMAND LINE ARGUMENTS:
C:\Program Files\Unity\Hub\Editor\2022.3.13f1\Editor\Unity.exe
-adb2
-batchMode
-noUpm
-name
AssetImportWorker2
-projectPath
C:/Unity/My project
-logFile
Logs/AssetImportWorker2.log
-srvPort
53197
Successfully changed project path to: C:/Unity/My project
C:/Unity/My project
[UnityMemory] Configuration Parameters - Can be set up in boot.config
    "memorysetup-bucket-allocator-granularity=16"
    "memorysetup-bucket-allocator-bucket-count=8"
    "memorysetup-bucket-allocator-block-size=33554432"
    "memorysetup-bucket-allocator-block-count=8"
    "memorysetup-main-allocator-block-size=16777216"
    "memorysetup-thread-allocator-block-size=16777216"
    "memorysetup-gfx-main-allocator-block-size=16777216"
    "memorysetup-gfx-thread-allocator-block-size=16777216"
    "memorysetup-cache-allocator-block-size=4194304"
    "memorysetup-typetree-allocator-block-size=2097152"
    "memorysetup-profiler-bucket-allocator-granularity=16"
    "memorysetup-profiler-bucket-allocator-bucket-count=8"
    "memorysetup-profiler-bucket-allocator-block-size=33554432"
    "memorysetup-profiler-bucket-allocator-block-count=8"
    "memorysetup-profiler-allocator-block-size=16777216"
    "memorysetup-profiler-editor-allocator-block-size=1048576"
    "memorysetup-temp-allocator-size-main=16777216"
    "memorysetup-job-temp-allocator-block-size=2097152"
    "memorysetup-job-temp-allocator-block-size-background=1048576"
    "memorysetup-job-temp-allocator-reduction-small-platforms=262144"
    "memorysetup-allocator-temp-initial-block-size-main=262144"
    "memorysetup-allocator-temp-initial-block-size-worker=262144"
    "memorysetup-temp-allocator-size-background-worker=32768"
    "memorysetup-temp-allocator-size-job-worker=262144"
    "memorysetup-temp-allocator-size-preload-manager=33554432"
    "memorysetup-temp-allocator-size-nav-mesh-worker=65536"
    "memorysetup-temp-allocator-size-audio-worker=65536"
    "memorysetup-temp-allocator-size-cloud-worker=32768"
    "memorysetup-temp-allocator-size-gi-baking-worker=262144"
    "memorysetup-temp-allocator-size-gfx=262144"
Player connection [6544] Host "[IP] 192.168.111.1 [Port] 0 [Flags] 2 [Guid] 1137600213 [EditorId] 1137600213 [Version] 1048832 [Id] WindowsEditor(7,UEFI-based-laptop) [Debug] 1 [PackageName] WindowsEditor [ProjectName] Editor" joined multi-casting on [225.0.0.222:54997]...

Player connection [6544] Host "[IP] 192.168.111.1 [Port] 0 [Flags] 2 [Guid] 1137600213 [EditorId] 1137600213 [Version] 1048832 [Id] WindowsEditor(7,UEFI-based-laptop) [Debug] 1 [PackageName] WindowsEditor [ProjectName] Editor" joined alternative multi-casting on [225.0.0.222:34997]...

[Physics::Module] Initialized MultithreadedJobDispatcher with 19 workers.
Refreshing native plugins compatible for Editor in 8.98 ms, found 3 plugins.
Preloading 0 native plugins for Editor in 0.00 ms.
Initialize engine version: 2022.3.13f1 (5f90a5ebde0f)
[Subsystems] Discovering subsystems at path C:/Program Files/Unity/Hub/Editor/2022.3.13f1/Editor/Data/Resources/UnitySubsystems
[Subsystems] Discovering subsystems at path C:/Unity/My project/Assets
GfxDevice: creating device client; threaded=0; jobified=0
Direct3D:
    Version:  Direct3D 11.0 [level 11.1]
    Renderer: NVIDIA GeForce RTX 3070 Laptop GPU (ID=0x24dd)
    Vendor:   NVIDIA
    VRAM:     8033 MB
    Driver:   31.0.15.3699
Initialize mono
Mono path[0] = 'C:/Program Files/Unity/Hub/Editor/2022.3.13f1/Editor/Data/Managed'
Mono path[1] = 'C:/Program Files/Unity/Hub/Editor/2022.3.13f1/Editor/Data/MonoBleedingEdge/lib/mono/unityjit-win32'
Mono config path = 'C:/Program Files/Unity/Hub/Editor/2022.3.13f1/Editor/Data/MonoBleedingEdge/etc'
Using monoOptions --debugger-agent=transport=dt_socket,embedding=1,server=y,suspend=n,address=127.0.0.1:56716
Begin MonoManager ReloadAssembly
Registering precompiled unity dll's ...
Register platform support module: C:/Program Files/Unity/Hub/Editor/2022.3.13f1/Editor/Data/PlaybackEngines/WindowsStandaloneSupport/UnityEditor.WindowsStandalone.Extensions.dll
Register platform support module: C:/Program Files/Unity/Hub/Editor/2022.3.13f1/Editor/Data/PlaybackEngines/MetroSupport/UnityEditor.UWP.Extensions.dll
Registered in 0.005855 seconds.
- Loaded All Assemblies, in  0.391 seconds
Native extension for UWP target not found
Native extension for WindowsStandalone target not found
Mono: successfully reloaded assembly
- Finished resetting the current domain, in  0.208 seconds
Domain Reload Profiling: 598ms
	BeginReloadAssembly (147ms)
		ExecutionOrderSort (0ms)
		DisableScriptedObjects (0ms)
		BackupInstance (0ms)
		ReleaseScriptingObjects (0ms)
		CreateAndSetChildDomain (1ms)
	RebuildCommonClasses (35ms)
	RebuildNativeTypeToScriptingClass (11ms)
	initialDomainReloadingComplete (50ms)
	LoadAllAssembliesAndSetupDomain (146ms)
		LoadAssemblies (147ms)
		RebuildTransferFunctionScriptingTraits (0ms)
		AnalyzeDomain (143ms)
			TypeCache.Refresh (142ms)
				TypeCache.ScanAssembly (128ms)
			ScanForSourceGeneratedMonoScriptInfo (0ms)
			ResolveRequiredComponents (0ms)
	FinalizeReload (209ms)
		ReleaseScriptCaches (0ms)
		RebuildScriptCaches (0ms)
		SetupLoadedEditorAssemblies (161ms)
			LogAssemblyErrors (0ms)
			InitializePlatformSupportModulesInManaged (10ms)
			SetLoadedEditorAssemblies (6ms)
			RefreshPlugins (0ms)
			BeforeProcessingInitializeOnLoad (2ms)
			ProcessInitializeOnLoadAttributes (101ms)
			ProcessInitializeOnLoadMethodAttributes (42ms)
			AfterProcessingInitializeOnLoad (0ms)
			EditorAssembliesLoaded (0ms)
		ExecutionOrderSort2 (0ms)
		AwakeInstancesAfterBackupRestoration (0ms)
========================================================================
Worker process is ready to serve import requests
Begin MonoManager ReloadAssembly
- Loaded All Assemblies, in  0.612 seconds
Refreshing native plugins compatible for Editor in 3.35 ms, found 3 plugins.
Native extension for UWP target not found
Native extension for WindowsStandalone target not found
Package Manager log level set to [2]
[Package Manager] Server::EnsureServerProcessIsRunning -- launch failed, reason: Unity was launched with the -noUpm command-line argument
[Package Manager] UpmClient::Send -- Unable to send message (not connected to UPM process).
[Package Manager] Cannot connect to Unity Package Manager local server
Mono: successfully reloaded assembly
- Finished resetting the current domain, in  0.569 seconds
Domain Reload Profiling: 1179ms
	BeginReloadAssembly (147ms)
		ExecutionOrderSort (0ms)
		DisableScriptedObjects (4ms)
		BackupInstance (0ms)
		ReleaseScriptingObjects (0ms)
		CreateAndSetChildDomain (18ms)
	RebuildCommonClasses (30ms)
	RebuildNativeTypeToScriptingClass (9ms)
	initialDomainReloadingComplete (34ms)
	LoadAllAssembliesAndSetupDomain (389ms)
		LoadAssemblies (292ms)
		RebuildTransferFunctionScriptingTraits (0ms)
		AnalyzeDomain (189ms)
			TypeCache.Refresh (168ms)
				TypeCache.ScanAssembly (150ms)
			ScanForSourceGeneratedMonoScriptInfo (16ms)
			ResolveRequiredComponents (3ms)
	FinalizeReload (569ms)
		ReleaseScriptCaches (0ms)
		RebuildScriptCaches (0ms)
		SetupLoadedEditorAssemblies (452ms)
			LogAssemblyErrors (0ms)
			InitializePlatformSupportModulesInManaged (5ms)
			SetLoadedEditorAssemblies (4ms)
			RefreshPlugins (0ms)
			BeforeProcessingInitializeOnLoad (43ms)
			ProcessInitializeOnLoadAttributes (378ms)
			ProcessInitializeOnLoadMethodAttributes (17ms)
			AfterProcessingInitializeOnLoad (5ms)
			EditorAssembliesLoaded (0ms)
		ExecutionOrderSort2 (0ms)
		AwakeInstancesAfterBackupRestoration (8ms)
Launched and connected shader compiler UnityShaderCompiler.exe after 0.05 seconds
Refreshing native plugins compatible for Editor in 3.18 ms, found 3 plugins.
Preloading 0 native plugins for Editor in 0.00 ms.
Unloading 3083 Unused Serialized files (Serialized files now loaded: 0)
Unloading 32 unused Assets / (56.9 KB). Loaded Objects now: 3546.
Memory consumption went from 123.1 MB to 123.0 MB.
Total: 2.708700 ms (FindLiveObjects: 0.175400 ms CreateObjectMapping: 0.067800 ms MarkObjects: 2.363900 ms  DeleteObjects: 0.100300 ms)

AssetImportParameters requested are different than current active one (requested -> active):
  custom:container-demuxer-ogg: 62fdf1f143b41e24485cea50d1cbac27 -> 
  custom:video-codec-MediaFoundation-h265: 746d11721c4dcdbdad8f713fa42b33f4 -> 
  custom:video-decoder-ogg-theora: a1e56fd34408186e4bbccfd4996cb3dc -> 
  custom:framework-win-MediaFoundation: 216162199b28c13a410421893ffa2e32 -> 
  custom:CustomObjectIndexerAttribute: 756ad292c208cfabdd7b50bc23989ffe -> 
  custom:container-demuxer-webm: 4f35f7cbe854078d1ac9338744f61a02 -> 
  custom:container-muxer-webm: aa71ff27fc2769a1b78a27578f13a17b -> 
  custom:video-decoder-webm-vp8: 9c59270c3fd7afecdb556c50c9e8de78 -> 
  custom:SearchIndexIgnoredProperties: e643bd26f0fe6173181afceb89e7c659 -> 
  custom:AudioImporter_EditorPlatform: d09bf68614088b80899f8185d706f6e7 -> 
  custom:video-encoder-webm-vp8: eb34c28f22e8b96e1ab97ce403110664 -> 
  custom:audio-decoder-ogg-vorbis: bf7c407c2cedff20999df2af8eb42d56 -> 
  custom:audio-encoder-webm-vorbis: bf7c407c2cedff20999df2af8eb42d56 -> 
========================================================================
Received Import Request.
  Time since last request: 25644.126615 seconds.
  path: Assets/Blink/Art/Characters/Stylized/Humans/Prefabs_Humans
  artifactKey: Guid(1ec95edde3a2db54d876b18ecc49a1c9) Importer(815301076,1909f56bfc062723c751e8b465ee728b)
Start importing Assets/Blink/Art/Characters/Stylized/Humans/Prefabs_Humans using Guid(1ec95edde3a2db54d876b18ecc49a1c9) Importer(815301076,1909f56bfc062723c751e8b465ee728b)  -> (artifact id: '0203015115079ac4d0e9a8a506dad8e2') in 0.002812 seconds
Number of updated asset objects reloaded before import = 0
Number of asset objects unloaded after import = 0
========================================================================
Received Import Request.
  Time since last request: 0.063909 seconds.
  path: Assets/Blink/Art/Characters/Stylized/Humans/Prefabs_Humans/HumanMale_Character_Free.prefab
  artifactKey: Guid(4f46098734d87e24490aef9267915ad2) Importer(815301076,1909f56bfc062723c751e8b465ee728b)
Start importing Assets/Blink/Art/Characters/Stylized/Humans/Prefabs_Humans/HumanMale_Character_Free.prefab using Guid(4f46098734d87e24490aef9267915ad2) Importer(815301076,1909f56bfc062723c751e8b465ee728b)  -> (artifact id: '639e211a6a779cb579f65fe40fd1b3e3') in 0.393965 seconds
Number of updated asset objects reloaded before import = 0
Number of asset objects unloaded after import = 333
========================================================================
Received Prepare
Begin MonoManager ReloadAssembly
- Loaded All Assemblies, in  0.500 seconds
Refreshing native plugins compatible for Editor in 4.07 ms, found 3 plugins.
Native extension for UWP target not found
Native extension for WindowsStandalone target not found
[Package Manager] Server::EnsureServerProcessIsRunning -- launch failed, reason: Unity was launched with the -noUpm command-line argument
[Package Manager] UpmClient::Send -- Unable to send message (not connected to UPM process).
[Package Manager] Cannot connect to Unity Package Manager local server
Mono: successfully reloaded assembly
- Finished resetting the current domain, in  1.084 seconds
Domain Reload Profiling: 1582ms
	BeginReloadAssembly (188ms)
		ExecutionOrderSort (0ms)
		DisableScriptedObjects (7ms)
		BackupInstance (0ms)
		ReleaseScriptingObjects (0ms)
		CreateAndSetChildDomain (28ms)
	RebuildCommonClasses (40ms)
	RebuildNativeTypeToScriptingClass (10ms)
	initialDomainReloadingComplete (34ms)
	LoadAllAssembliesAndSetupDomain (225ms)
		LoadAssemblies (329ms)
		RebuildTransferFunctionScriptingTraits (0ms)
		AnalyzeDomain (21ms)
			TypeCache.Refresh (10ms)
				TypeCache.ScanAssembly (0ms)
			ScanForSourceGeneratedMonoScriptInfo (6ms)
			ResolveRequiredComponents (4ms)
	FinalizeReload (1085ms)
		ReleaseScriptCaches (0ms)
		RebuildScriptCaches (0ms)
		SetupLoadedEditorAssemblies (531ms)
			LogAssemblyErrors (0ms)
			InitializePlatformSupportModulesInManaged (8ms)
			SetLoadedEditorAssemblies (4ms)
			RefreshPlugins (0ms)
			BeforeProcessingInitializeOnLoad (63ms)
			ProcessInitializeOnLoadAttributes (428ms)
			ProcessInitializeOnLoadMethodAttributes (21ms)
			AfterProcessingInitializeOnLoad (6ms)
			EditorAssembliesLoaded (0ms)
		ExecutionOrderSort2 (0ms)
		AwakeInstancesAfterBackupRestoration (9ms)
Refreshing native plugins compatible for Editor in 2.83 ms, found 3 plugins.
Preloading 0 native plugins for Editor in 0.00 ms.
Unloading 3076 Unused Serialized files (Serialized files now loaded: 0)
Unloading 23 unused Assets / (31.1 KB). Loaded Objects now: 3559.
Memory consumption went from 130.0 MB to 130.0 MB.
Total: 2.715900 ms (FindLiveObjects: 0.176100 ms CreateObjectMapping: 0.076200 ms MarkObjects: 2.418700 ms  DeleteObjects: 0.044100 ms)

Prepare: number of updated asset objects reloaded= 0
AssetImportParameters requested are different than current active one (requested -> active):
  custom:container-demuxer-ogg: 62fdf1f143b41e24485cea50d1cbac27 -> 
  custom:video-codec-MediaFoundation-h265: 746d11721c4dcdbdad8f713fa42b33f4 -> 
  custom:video-decoder-ogg-theora: a1e56fd34408186e4bbccfd4996cb3dc -> 
  custom:framework-win-MediaFoundation: 216162199b28c13a410421893ffa2e32 -> 
  custom:CustomObjectIndexerAttribute: 756ad292c208cfabdd7b50bc23989ffe -> 
  custom:container-demuxer-webm: 4f35f7cbe854078d1ac9338744f61a02 -> 
  custom:container-muxer-webm: aa71ff27fc2769a1b78a27578f13a17b -> 
  custom:video-decoder-webm-vp8: 9c59270c3fd7afecdb556c50c9e8de78 -> 
  custom:SearchIndexIgnoredProperties: e643bd26f0fe6173181afceb89e7c659 -> 
  custom:AudioImporter_EditorPlatform: d09bf68614088b80899f8185d706f6e7 -> 
  custom:video-encoder-webm-vp8: eb34c28f22e8b96e1ab97ce403110664 -> 
  custom:audio-decoder-ogg-vorbis: bf7c407c2cedff20999df2af8eb42d56 -> 
  custom:audio-encoder-webm-vorbis: bf7c407c2cedff20999df2af8eb42d56 -> 
========================================================================
Received Import Request.
  Time since last request: 52.167100 seconds.
  path: Assets/Blink/Art/Animations
  artifactKey: Guid(98e03a1ea4d2ea4478376e533d09f21a) Importer(815301076,1909f56bfc062723c751e8b465ee728b)
Start importing Assets/Blink/Art/Animations using Guid(98e03a1ea4d2ea4478376e533d09f21a) Importer(815301076,1909f56bfc062723c751e8b465ee728b)  -> (artifact id: '8829c641d188b38d4bcc212b7cbb9938') in 0.002238 seconds
Number of updated asset objects reloaded before import = 0
Number of asset objects unloaded after import = 0
========================================================================
Received Import Request.
  Time since last request: 6.724479 seconds.
  path: Assets/Blink/Art/Characters/LowPoly
  artifactKey: Guid(fddf9a28e70fe73469d81e2db2456b0e) Importer(815301076,1909f56bfc062723c751e8b465ee728b)
Start importing Assets/Blink/Art/Characters/LowPoly using Guid(fddf9a28e70fe73469d81e2db2456b0e) Importer(815301076,1909f56bfc062723c751e8b465ee728b)  -> (artifact id: '8bff1fe7092b68ad83c45e699e4d2f04') in 0.000576 seconds
Number of updated asset objects reloaded before import = 0
Number of asset objects unloaded after import = 0
========================================================================
Received Import Request.
  Time since last request: 1.315392 seconds.
  path: Assets/Blink/Art/Characters/LowPoly/FREE_HumanLowPoly
  artifactKey: Guid(6ddda3cb637362b4ca4cbc1813528e8a) Importer(815301076,1909f56bfc062723c751e8b465ee728b)
Start importing Assets/Blink/Art/Characters/LowPoly/FREE_HumanLowPoly using Guid(6ddda3cb637362b4ca4cbc1813528e8a) Importer(815301076,1909f56bfc062723c751e8b465ee728b)  -> (artifact id: '92cf9970ba6f93bc090dd4284ed40a28') in 0.000573 seconds
Number of updated asset objects reloaded before import = 0
Number of asset objects unloaded after import = 0
========================================================================
Received Import Request.
  Time since last request: 1.018742 seconds.
  path: Assets/Blink/Art/Characters/LowPoly/FREE_HumanLowPoly/Prefabs_Humans
  artifactKey: Guid(13aec0c2edfc5ab45b6e2a4402590e45) Importer(815301076,1909f56bfc062723c751e8b465ee728b)
Start importing Assets/Blink/Art/Characters/LowPoly/FREE_HumanLowPoly/Prefabs_Humans using Guid(13aec0c2edfc5ab45b6e2a4402590e45) Importer(815301076,1909f56bfc062723c751e8b465ee728b)  -> (artifact id: '1e7aff088da06b7381a6d8ba52f60f41') in 0.000401 seconds
Number of updated asset objects reloaded before import = 0
Number of asset objects unloaded after import = 0
========================================================================
Received Import Request.
  Time since last request: 0.047087 seconds.
  path: Assets/Blink/Art/Characters/LowPoly/FREE_HumanLowPoly/Prefabs_Humans/HumanMale_Character_FREE.prefab
  artifactKey: Guid(60770bdb4dc667c45bea53db0339dc05) Importer(815301076,1909f56bfc062723c751e8b465ee728b)
Start importing Assets/Blink/Art/Characters/LowPoly/FREE_HumanLowPoly/Prefabs_Humans/HumanMale_Character_FREE.prefab using Guid(60770bdb4dc667c45bea53db0339dc05) Importer(815301076,1909f56bfc062723c751e8b465ee728b)  -> (artifact id: 'fa6c5808d572634e28b9c3e526ad4abd') in 0.099491 seconds
Number of updated asset objects reloaded before import = 0
Number of asset objects unloaded after import = 294
========================================================================
Received Import Request.
  Time since last request: 4.072089 seconds.
  path: Assets/Blink/Art/Characters/LowPoly/FREE_HumanLowPoly/Meshes_Humans
  artifactKey: Guid(64ba05b5c36b8a346b915c1d858eb280) Importer(815301076,1909f56bfc062723c751e8b465ee728b)
Start importing Assets/Blink/Art/Characters/LowPoly/FREE_HumanLowPoly/Meshes_Humans using Guid(64ba05b5c36b8a346b915c1d858eb280) Importer(815301076,1909f56bfc062723c751e8b465ee728b)  -> (artifact id: '07974264d2e8100d5cfe972126036211') in 0.001280 seconds
Number of updated asset objects reloaded before import = 0
Number of asset objects unloaded after import = 0
========================================================================
Received Import Request.
  Time since last request: 1.331762 seconds.
  path: Assets/Blink/Art/Characters/LowPoly/FREE_HumanLowPoly/Textures_Humans
  artifactKey: Guid(e217dcbcbf77af34c8592c8f8fd9549f) Importer(815301076,1909f56bfc062723c751e8b465ee728b)
Start importing Assets/Blink/Art/Characters/LowPoly/FREE_HumanLowPoly/Textures_Humans using Guid(e217dcbcbf77af34c8592c8f8fd9549f) Importer(815301076,1909f56bfc062723c751e8b465ee728b)  -> (artifact id: '05d4c55f0f7910b998e2125c19bec4fa') in 0.000497 seconds
Number of updated asset objects reloaded before import = 0
Number of asset objects unloaded after import = 0
========================================================================
Received Import Request.
  Time since last request: 0.049796 seconds.
  path: Assets/Blink/Art/Characters/LowPoly/FREE_HumanLowPoly/Textures_Humans/LowPolyArmorTexture.png
  artifactKey: Guid(b2377c5920b3a8b4f9e683b0edbfa8f0) Importer(815301076,1909f56bfc062723c751e8b465ee728b)
Start importing Assets/Blink/Art/Characters/LowPoly/FREE_HumanLowPoly/Textures_Humans/LowPolyArmorTexture.png using Guid(b2377c5920b3a8b4f9e683b0edbfa8f0) Importer(815301076,1909f56bfc062723c751e8b465ee728b)  -> (artifact id: '21403f15ce943586a8a3688af82e9dea') in 0.015285 seconds
Number of updated asset objects reloaded before import = 0
Number of asset objects unloaded after import = 2
========================================================================
Received Import Request.
  Time since last request: 1.725541 seconds.
  path: Assets/Blink/Art/Characters/LowPoly/FREE_HumanLowPoly/Meshes_Humans/HumanMale_Character.fbx
  artifactKey: Guid(de13a7420582ded45a8d7d3f96889aca) Importer(815301076,1909f56bfc062723c751e8b465ee728b)
Start importing Assets/Blink/Art/Characters/LowPoly/FREE_HumanLowPoly/Meshes_Humans/HumanMale_Character.fbx using Guid(de13a7420582ded45a8d7d3f96889aca) Importer(815301076,1909f56bfc062723c751e8b465ee728b)  -> (artifact id: '1ccc6b98a74e3ee02ed13f0cd0eff688') in 0.101394 seconds
Number of updated asset objects reloaded before import = 0
Number of asset objects unloaded after import = 249
========================================================================
Received Import Request.
  Time since last request: 1.151431 seconds.
  path: Assets/Blink/Art/Characters/LowPoly/FREE_HumanLowPoly/Meshes_Humans/ArmorMeshes_Humans
  artifactKey: Guid(d22ccacaade85464da3eb13817450aaf) Importer(815301076,1909f56bfc062723c751e8b465ee728b)
Start importing Assets/Blink/Art/Characters/LowPoly/FREE_HumanLowPoly/Meshes_Humans/ArmorMeshes_Humans using Guid(d22ccacaade85464da3eb13817450aaf) Importer(815301076,1909f56bfc062723c751e8b465ee728b)  -> (artifact id: 'd0900534d156d355b416bca1ad171df3') in 0.000696 seconds
Number of updated asset objects reloaded before import = 0
Number of asset objects unloaded after import = 0
========================================================================
Received Import Request.
  Time since last request: 0.065012 seconds.
  path: Assets/Blink/Art/Characters/LowPoly/FREE_HumanLowPoly/Meshes_Humans/ArmorMeshes_Humans/PlateSet1_HumanMale.fbx
  artifactKey: Guid(10399581d9d41a44bb8984ec628263dd) Importer(815301076,1909f56bfc062723c751e8b465ee728b)
Start importing Assets/Blink/Art/Characters/LowPoly/FREE_HumanLowPoly/Meshes_Humans/ArmorMeshes_Humans/PlateSet1_HumanMale.fbx using Guid(10399581d9d41a44bb8984ec628263dd) Importer(815301076,1909f56bfc062723c751e8b465ee728b)  -> (artifact id: '4b10f2b758e243a0f07dd8c8b4b515ca') in 0.072573 seconds
Number of updated asset objects reloaded before import = 0
Number of asset objects unloaded after import = 197
========================================================================
Received Import Request.
  Time since last request: 2.323755 seconds.
  path: Assets/Blink/Art/Characters/LowPoly/FREE_HumanLowPoly/Materials_Humans
  artifactKey: Guid(a5eae17d18a130043834885e4136bd5c) Importer(815301076,1909f56bfc062723c751e8b465ee728b)
Start importing Assets/Blink/Art/Characters/LowPoly/FREE_HumanLowPoly/Materials_Humans using Guid(a5eae17d18a130043834885e4136bd5c) Importer(815301076,1909f56bfc062723c751e8b465ee728b)  -> (artifact id: '97bee9d2f2e9d08749aa9a20ab6d266e') in 0.000594 seconds
Number of updated asset objects reloaded before import = 0
Number of asset objects unloaded after import = 0
========================================================================
Received Import Request.
  Time since last request: 0.057393 seconds.
  path: Assets/Blink/Art/Characters/LowPoly/FREE_HumanLowPoly/Materials_Humans/Armor.mat
  artifactKey: Guid(22e7fb49e2b49e0418ef97b61b1c8db5) Importer(815301076,1909f56bfc062723c751e8b465ee728b)
Start importing Assets/Blink/Art/Characters/LowPoly/FREE_HumanLowPoly/Materials_Humans/Armor.mat using Guid(22e7fb49e2b49e0418ef97b61b1c8db5) Importer(815301076,1909f56bfc062723c751e8b465ee728b)  -> (artifact id: '5d3b225fb5aa5f33d8eaa89eb82658d5') in 0.137199 seconds
Number of updated asset objects reloaded before import = 0
Number of asset objects unloaded after import = 2
========================================================================
Received Import Request.
  Time since last request: 0.000017 seconds.
  path: Assets/Blink/Art/Characters/LowPoly/FREE_HumanLowPoly/Materials_Humans/Hair.mat
  artifactKey: Guid(0ec77e506658168428e174ef6ddb4abe) Importer(815301076,1909f56bfc062723c751e8b465ee728b)
Start importing Assets/Blink/Art/Characters/LowPoly/FREE_HumanLowPoly/Materials_Humans/Hair.mat using Guid(0ec77e506658168428e174ef6ddb4abe) Importer(815301076,1909f56bfc062723c751e8b465ee728b)  -> (artifact id: '36038f4171b84f8d9a926d3ed9c91f39') in 0.006957 seconds
Number of updated asset objects reloaded before import = 0
Number of asset objects unloaded after import = 1
========================================================================
Received Import Request.
  Time since last request: 0.000031 seconds.
  path: Assets/Blink/Art/Characters/LowPoly/FREE_HumanLowPoly/Materials_Humans/Eyes.mat
  artifactKey: Guid(64b04a6e3187c8247b209aac6c56b9fe) Importer(815301076,1909f56bfc062723c751e8b465ee728b)
Start importing Assets/Blink/Art/Characters/LowPoly/FREE_HumanLowPoly/Materials_Humans/Eyes.mat using Guid(64b04a6e3187c8247b209aac6c56b9fe) Importer(815301076,1909f56bfc062723c751e8b465ee728b)  -> (artifact id: 'ce93a027e4fd5fc26690a8086de3b4e4') in 0.006453 seconds
Number of updated asset objects reloaded before import = 0
Number of asset objects unloaded after import = 1
========================================================================
Received Import Request.
  Time since last request: 0.000019 seconds.
  path: Assets/Blink/Art/Characters/LowPoly/FREE_HumanLowPoly/Materials_Humans/Underwear.mat
  artifactKey: Guid(fbac7c1722f262145b9ed0c0e940864d) Importer(815301076,1909f56bfc062723c751e8b465ee728b)
Start importing Assets/Blink/Art/Characters/LowPoly/FREE_HumanLowPoly/Materials_Humans/Underwear.mat using Guid(fbac7c1722f262145b9ed0c0e940864d) Importer(815301076,1909f56bfc062723c751e8b465ee728b)  -> (artifact id: 'dd54844d948e075fdbd0728c240eaab6') in 0.007683 seconds
Number of updated asset objects reloaded before import = 0
Number of asset objects unloaded after import = 1
========================================================================
Received Import Request.
  Time since last request: 42.219614 seconds.
  path: Assets/Stones_and_buried_treasure/Prefabs/Barrel_Closed.prefab
  artifactKey: Guid(4d272402a09cecd42a5f9f5d73589fc7) Importer(815301076,1909f56bfc062723c751e8b465ee728b)
Start importing Assets/Stones_and_buried_treasure/Prefabs/Barrel_Closed.prefab using Guid(4d272402a09cecd42a5f9f5d73589fc7) Importer(815301076,1909f56bfc062723c751e8b465ee728b)  -> (artifact id: '973f7e52d813694158c7ef3e8762317a') in 0.007695 seconds
Number of updated asset objects reloaded before import = 0
Number of asset objects unloaded after import = 9
========================================================================
Received Import Request.
  Time since last request: 0.000910 seconds.
  path: Assets/Stones_and_buried_treasure/Prefabs/Chest_Closed.prefab
  artifactKey: Guid(64284ca1518bc524492fa4fc9e82ce94) Importer(815301076,1909f56bfc062723c751e8b465ee728b)
Start importing Assets/Stones_and_buried_treasure/Prefabs/Chest_Closed.prefab using Guid(64284ca1518bc524492fa4fc9e82ce94) Importer(815301076,1909f56bfc062723c751e8b465ee728b)  -> (artifact id: '75a3099e9812091babfebdf338c6dfd3') in 0.009393 seconds
Number of updated asset objects reloaded before import = 0
Number of asset objects unloaded after import = 9
========================================================================
Received Import Request.
  Time since last request: 0.000019 seconds.
  path: Assets/Stones_and_buried_treasure/Prefabs/Elixir_Of_Mana.prefab
  artifactKey: Guid(32ef5384bf03a5c459962867b76db0cf) Importer(815301076,1909f56bfc062723c751e8b465ee728b)
Start importing Assets/Stones_and_buried_treasure/Prefabs/Elixir_Of_Mana.prefab using Guid(32ef5384bf03a5c459962867b76db0cf) Importer(815301076,1909f56bfc062723c751e8b465ee728b)  -> (artifact id: '77dda25cba11a40b37c62c8fd935581d') in 0.009153 seconds
Number of updated asset objects reloaded before import = 0
Number of asset objects unloaded after import = 9
========================================================================
Received Import Request.
  Time since last request: 0.000022 seconds.
  path: Assets/Stones_and_buried_treasure/Prefabs/Stone_10.prefab
  artifactKey: Guid(df00b95dd377f8f4fa6a75377aa47a42) Importer(815301076,1909f56bfc062723c751e8b465ee728b)
Start importing Assets/Stones_and_buried_treasure/Prefabs/Stone_10.prefab using Guid(df00b95dd377f8f4fa6a75377aa47a42) Importer(815301076,1909f56bfc062723c751e8b465ee728b)  -> (artifact id: 'd378a5a1a27b10acd8caef0d726e6491') in 0.007291 seconds
Number of updated asset objects reloaded before import = 0
Number of asset objects unloaded after import = 8
========================================================================
Received Import Request.
  Time since last request: 0.000015 seconds.
  path: Assets/Stones_and_buried_treasure/Prefabs/Stone_14.prefab
  artifactKey: Guid(0e4460f2e6af8534883922004bca99b6) Importer(815301076,1909f56bfc062723c751e8b465ee728b)
Start importing Assets/Stones_and_buried_treasure/Prefabs/Stone_14.prefab using Guid(0e4460f2e6af8534883922004bca99b6) Importer(815301076,1909f56bfc062723c751e8b465ee728b)  -> (artifact id: '9754102069325c4c60f91717280a43e5') in 0.007565 seconds
Number of updated asset objects reloaded before import = 0
Number of asset objects unloaded after import = 8
========================================================================
Received Import Request.
  Time since last request: 0.000024 seconds.
  path: Assets/Stones_and_buried_treasure/Prefabs/Sword.prefab
  artifactKey: Guid(b116d663e63776b498d940fc62356957) Importer(815301076,1909f56bfc062723c751e8b465ee728b)
Start importing Assets/Stones_and_buried_treasure/Prefabs/Sword.prefab using Guid(b116d663e63776b498d940fc62356957) Importer(815301076,1909f56bfc062723c751e8b465ee728b)  -> (artifact id: '5b6bf2af7a224dde7719d50dfe62a336') in 0.018092 seconds
Number of updated asset objects reloaded before import = 0
Number of asset objects unloaded after import = 10
========================================================================
Received Import Request.
  Time since last request: 0.000022 seconds.
  path: Assets/Stones_and_buried_treasure/Prefabs/Skull.prefab
  artifactKey: Guid(331828e5d69fcf148a4fa6dadc2c2f41) Importer(815301076,1909f56bfc062723c751e8b465ee728b)
Start importing Assets/Stones_and_buried_treasure/Prefabs/Skull.prefab using Guid(331828e5d69fcf148a4fa6dadc2c2f41) Importer(815301076,1909f56bfc062723c751e8b465ee728b)  -> (artifact id: '133951bf453006b836787efc1b7c4893') in 0.009592 seconds
Number of updated asset objects reloaded before import = 0
Number of asset objects unloaded after import = 8
========================================================================
Received Import Request.
  Time since last request: 0.000022 seconds.
  path: Assets/Stones_and_buried_treasure/Prefabs/Ground.prefab
  artifactKey: Guid(0ed7946982320464596b995b61ecdf34) Importer(815301076,1909f56bfc062723c751e8b465ee728b)
Start importing Assets/Stones_and_buried_treasure/Prefabs/Ground.prefab using Guid(0ed7946982320464596b995b61ecdf34) Importer(815301076,1909f56bfc062723c751e8b465ee728b)  -> (artifact id: 'ed893412cd0b8599ad26b4096ccfb0d1') in 0.008615 seconds
Number of updated asset objects reloaded before import = 0
Number of asset objects unloaded after import = 8
========================================================================
Received Import Request.
  Time since last request: 0.000044 seconds.
  path: Assets/Stones_and_buried_treasure/Prefabs/Stone_1.prefab
  artifactKey: Guid(9db57954271991a4f84773d7d31e291b) Importer(815301076,1909f56bfc062723c751e8b465ee728b)
Start importing Assets/Stones_and_buried_treasure/Prefabs/Stone_1.prefab using Guid(9db57954271991a4f84773d7d31e291b) Importer(815301076,1909f56bfc062723c751e8b465ee728b)  -> (artifact id: 'bae11d288ce7b7b55e6cb4c07cc64c8a') in 0.008193 seconds
Number of updated asset objects reloaded before import = 0
Number of asset objects unloaded after import = 8
========================================================================
Received Import Request.
  Time since last request: 0.000019 seconds.
  path: Assets/Stones_and_buried_treasure/Prefabs/Stone_5.prefab
  artifactKey: Guid(e06ba814345b0ec43aaaf6a5dac7e762) Importer(815301076,1909f56bfc062723c751e8b465ee728b)
Start importing Assets/Stones_and_buried_treasure/Prefabs/Stone_5.prefab using Guid(e06ba814345b0ec43aaaf6a5dac7e762) Importer(815301076,1909f56bfc062723c751e8b465ee728b)  -> (artifact id: 'c7a1c4c98f705ff9b697281cd8cbff35') in 0.009410 seconds
Number of updated asset objects reloaded before import = 0
Number of asset objects unloaded after import = 8
========================================================================
Received Import Request.
  Time since last request: 0.000017 seconds.
  path: Assets/Stones_and_buried_treasure/Prefabs/Bullion.prefab
  artifactKey: Guid(71af532755e61c7439f07e35d89278f8) Importer(815301076,1909f56bfc062723c751e8b465ee728b)
Start importing Assets/Stones_and_buried_treasure/Prefabs/Bullion.prefab using Guid(71af532755e61c7439f07e35d89278f8) Importer(815301076,1909f56bfc062723c751e8b465ee728b)  -> (artifact id: 'cbbdb93f7868b180ffe3a65c7cf22097') in 0.007042 seconds
Number of updated asset objects reloaded before import = 0
Number of asset objects unloaded after import = 8
========================================================================
Received Import Request.
  Time since last request: 0.000017 seconds.
  path: Assets/Stones_and_buried_treasure/Prefabs/Box.prefab
  artifactKey: Guid(c3ac01a483bb3fd4fac43624af451255) Importer(815301076,1909f56bfc062723c751e8b465ee728b)
Start importing Assets/Stones_and_buried_treasure/Prefabs/Box.prefab using Guid(c3ac01a483bb3fd4fac43624af451255) Importer(815301076,1909f56bfc062723c751e8b465ee728b)  -> (artifact id: 'de05e1d935f181193526709a12419aab') in 0.010300 seconds
Number of updated asset objects reloaded before import = 0
Number of asset objects unloaded after import = 9
========================================================================
Received Import Request.
  Time since last request: 0.000015 seconds.
  path: Assets/Stones_and_buried_treasure/Prefabs/Rocks_and_grass_2.prefab
  artifactKey: Guid(97291d2df068db2439009ca97285ddff) Importer(815301076,1909f56bfc062723c751e8b465ee728b)
Start importing Assets/Stones_and_buried_treasure/Prefabs/Rocks_and_grass_2.prefab using Guid(97291d2df068db2439009ca97285ddff) Importer(815301076,1909f56bfc062723c751e8b465ee728b)  -> (artifact id: 'eeb01ab9ebc37151b77c8f3f5844d988') in 0.007431 seconds
Number of updated asset objects reloaded before import = 0
Number of asset objects unloaded after import = 10
========================================================================
Received Import Request.
  Time since last request: 0.000019 seconds.
  path: Assets/Stones_and_buried_treasure/Prefabs/Tree_Fir.prefab
  artifactKey: Guid(d64bcd605f1bc084588c5a35592f7fc3) Importer(815301076,1909f56bfc062723c751e8b465ee728b)
Start importing Assets/Stones_and_buried_treasure/Prefabs/Tree_Fir.prefab using Guid(d64bcd605f1bc084588c5a35592f7fc3) Importer(815301076,1909f56bfc062723c751e8b465ee728b)  -> (artifact id: 'f4fbee295cfe130e76e4db228be94fa7') in 0.010600 seconds
Number of updated asset objects reloaded before import = 0
Number of asset objects unloaded after import = 9
========================================================================
Received Import Request.
  Time since last request: 0.000020 seconds.
  path: Assets/Stones_and_buried_treasure/Prefabs/Crown.prefab
  artifactKey: Guid(60843c6f0abfe104f8c631aabae51301) Importer(815301076,1909f56bfc062723c751e8b465ee728b)
Start importing Assets/Stones_and_buried_treasure/Prefabs/Crown.prefab using Guid(60843c6f0abfe104f8c631aabae51301) Importer(815301076,1909f56bfc062723c751e8b465ee728b)  -> (artifact id: 'ea753105498034e655e6d862f0cede33') in 0.006913 seconds
Number of updated asset objects reloaded before import = 0
Number of asset objects unloaded after import = 8
========================================================================
Received Import Request.
  Time since last request: 0.000019 seconds.
  path: Assets/Stones_and_buried_treasure/Prefabs/РЎrystal_4.prefab
  artifactKey: Guid(e6911a57b4d95ba4f86e3e41e5a9fcac) Importer(815301076,1909f56bfc062723c751e8b465ee728b)
Start importing Assets/Stones_and_buried_treasure/Prefabs/РЎrystal_4.prefab using Guid(e6911a57b4d95ba4f86e3e41e5a9fcac) Importer(815301076,1909f56bfc062723c751e8b465ee728b)  -> (artifact id: 'd0be3d2afe07d9dceb62354c63aa6632') in 0.008648 seconds
Number of updated asset objects reloaded before import = 0
Number of asset objects unloaded after import = 8
========================================================================
Received Import Request.
  Time since last request: 0.000054 seconds.
  path: Assets/Stones_and_buried_treasure/Prefabs/Emerald.prefab
  artifactKey: Guid(2c9868bb7821e484083e774038674eb1) Importer(815301076,1909f56bfc062723c751e8b465ee728b)
Start importing Assets/Stones_and_buried_treasure/Prefabs/Emerald.prefab using Guid(2c9868bb7821e484083e774038674eb1) Importer(815301076,1909f56bfc062723c751e8b465ee728b)  -> (artifact id: 'c6dc05df2857191960ad39742b9ba7bb') in 0.010775 seconds
Number of updated asset objects reloaded before import = 0
Number of asset objects unloaded after import = 8
========================================================================
Received Import Request.
  Time since last request: 0.000023 seconds.
  path: Assets/Stones_and_buried_treasure/Prefabs/Stone_17.prefab
  artifactKey: Guid(56c471fa60a91ff47aad2dc54e7d196a) Importer(815301076,1909f56bfc062723c751e8b465ee728b)
Start importing Assets/Stones_and_buried_treasure/Prefabs/Stone_17.prefab using Guid(56c471fa60a91ff47aad2dc54e7d196a) Importer(815301076,1909f56bfc062723c751e8b465ee728b)  -> (artifact id: '8c4db66cc433b01801f3a0c911c06e8f') in 0.008037 seconds
Number of updated asset objects reloaded before import = 0
Number of asset objects unloaded after import = 8
========================================================================
Received Import Request.
  Time since last request: 0.000022 seconds.
  path: Assets/Stones_and_buried_treasure/Prefabs/РЎrystal_3.prefab
  artifactKey: Guid(b4572596b6a569946aedef79f222fa22) Importer(815301076,1909f56bfc062723c751e8b465ee728b)
Start importing Assets/Stones_and_buried_treasure/Prefabs/РЎrystal_3.prefab using Guid(b4572596b6a569946aedef79f222fa22) Importer(815301076,1909f56bfc062723c751e8b465ee728b)  -> (artifact id: '16e3d7c631fc723810195805605320ce') in 0.010016 seconds
Number of updated asset objects reloaded before import = 0
Number of asset objects unloaded after import = 8
========================================================================
Received Import Request.
  Time since last request: 0.000017 seconds.
  path: Assets/Stones_and_buried_treasure/Prefabs/Rocks_and_grass_1.prefab
  artifactKey: Guid(83561575068bf2042a4f289885d89d2f) Importer(815301076,1909f56bfc062723c751e8b465ee728b)
Start importing Assets/Stones_and_buried_treasure/Prefabs/Rocks_and_grass_1.prefab using Guid(83561575068bf2042a4f289885d89d2f) Importer(815301076,1909f56bfc062723c751e8b465ee728b)  -> (artifact id: 'bc322c150d188bc031749e384272e459') in 0.008137 seconds
Number of updated asset objects reloaded before import = 0
Number of asset objects unloaded after import = 9
Editor requested this worker to shutdown with reason: Scaling down because of idle timeout
TcpMessagingSession - receive error: operation aborted. errorcode: 995, details: Операция ввода/вывода была прервана из-за завершения потока команд или по запросу приложения.
AssetImportWorker is now disconnected from the server
Process exiting
Exiting without the bug reporter. Application will terminate with return code 0