Using pre-set license
Built from '2022.3/staging' branch; Version is '2022.3.13f1 (5f90a5ebde0f) revision 6262949'; Using compiler version '192829333'; Build Type 'Release'
OS: 'Windows 11  (10.0.22631) 64bit CoreSingleLanguage' Language: 'en' Physical Memory: 16088 MB
BatchMode: 1, IsHumanControllingUs: 0, StartBugReporterOnCrash: 0, Is64bit: 1, IsPro: 1

COMMAND LINE ARGUMENTS:
C:\Program Files\Unity\Hub\Editor\2022.3.13f1\Editor\Unity.exe
-adb2
-batchMode
-noUpm
-name
AssetImportWorker1
-projectPath
C:/Users/admin/Desktop/GameHackaton/Untitled
-logFile
Logs/AssetImportWorker1.log
-srvPort
53538
Successfully changed project path to: C:/Users/admin/Desktop/GameHackaton/Untitled
C:/Users/admin/Desktop/GameHackaton/Untitled
[UnityMemory] Configuration Parameters - Can be set up in boot.config
    "memorysetup-bucket-allocator-granularity=16"
    "memorysetup-bucket-allocator-bucket-count=8"
    "memorysetup-bucket-allocator-block-size=33554432"
    "memorysetup-bucket-allocator-block-count=8"
    "memorysetup-main-allocator-block-size=16777216"
    "memorysetup-thread-allocator-block-size=16777216"
    "memorysetup-gfx-main-allocator-block-size=16777216"
    "memorysetup-gfx-thread-allocator-block-size=16777216"
    "memorysetup-cache-allocator-block-size=4194304"
    "memorysetup-typetree-allocator-block-size=2097152"
    "memorysetup-profiler-bucket-allocator-granularity=16"
    "memorysetup-profiler-bucket-allocator-bucket-count=8"
    "memorysetup-profiler-bucket-allocator-block-size=33554432"
    "memorysetup-profiler-bucket-allocator-block-count=8"
    "memorysetup-profiler-allocator-block-size=16777216"
    "memorysetup-profiler-editor-allocator-block-size=1048576"
    "memorysetup-temp-allocator-size-main=16777216"
    "memorysetup-job-temp-allocator-block-size=2097152"
    "memorysetup-job-temp-allocator-block-size-background=1048576"
    "memorysetup-job-temp-allocator-reduction-small-platforms=262144"
    "memorysetup-allocator-temp-initial-block-size-main=262144"
    "memorysetup-allocator-temp-initial-block-size-worker=262144"
    "memorysetup-temp-allocator-size-background-worker=32768"
    "memorysetup-temp-allocator-size-job-worker=262144"
    "memorysetup-temp-allocator-size-preload-manager=33554432"
    "memorysetup-temp-allocator-size-nav-mesh-worker=65536"
    "memorysetup-temp-allocator-size-audio-worker=65536"
    "memorysetup-temp-allocator-size-cloud-worker=32768"
    "memorysetup-temp-allocator-size-gi-baking-worker=262144"
    "memorysetup-temp-allocator-size-gfx=262144"
Player connection [13492] Host "[IP] 192.168.0.152 [Port] 0 [Flags] 2 [Guid] 3807575217 [EditorId] 3807575217 [Version] 1048832 [Id] WindowsEditor(7,MSI) [Debug] 1 [PackageName] WindowsEditor [ProjectName] Editor" joined multi-casting on [225.0.0.222:54997]...

Player connection [13492] Host "[IP] 192.168.0.152 [Port] 0 [Flags] 2 [Guid] 3807575217 [EditorId] 3807575217 [Version] 1048832 [Id] WindowsEditor(7,MSI) [Debug] 1 [PackageName] WindowsEditor [ProjectName] Editor" joined alternative multi-casting on [225.0.0.222:34997]...

[Physics::Module] Initialized MultithreadedJobDispatcher with 19 workers.
Refreshing native plugins compatible for Editor in 6.04 ms, found 3 plugins.
Preloading 0 native plugins for Editor in 0.00 ms.
Initialize engine version: 2022.3.13f1 (5f90a5ebde0f)
[Subsystems] Discovering subsystems at path C:/Program Files/Unity/Hub/Editor/2022.3.13f1/Editor/Data/Resources/UnitySubsystems
[Subsystems] Discovering subsystems at path C:/Users/admin/Desktop/GameHackaton/Untitled/Assets
GfxDevice: creating device client; threaded=0; jobified=0
Direct3D:
    Version:  Direct3D 11.0 [level 11.1]
    Renderer: NVIDIA GeForce RTX 3060 Laptop GPU (ID=0x2520)
    Vendor:   NVIDIA
    VRAM:     6010 MB
    Driver:   31.0.15.4617
Initialize mono
Mono path[0] = 'C:/Program Files/Unity/Hub/Editor/2022.3.13f1/Editor/Data/Managed'
Mono path[1] = 'C:/Program Files/Unity/Hub/Editor/2022.3.13f1/Editor/Data/MonoBleedingEdge/lib/mono/unityjit-win32'
Mono config path = 'C:/Program Files/Unity/Hub/Editor/2022.3.13f1/Editor/Data/MonoBleedingEdge/etc'
Using monoOptions --debugger-agent=transport=dt_socket,embedding=1,server=y,suspend=n,address=127.0.0.1:56296
Begin MonoManager ReloadAssembly
Registering precompiled unity dll's ...
Register platform support module: C:/Program Files/Unity/Hub/Editor/2022.3.13f1/Editor/Data/PlaybackEngines/WindowsStandaloneSupport/UnityEditor.WindowsStandalone.Extensions.dll
Registered in 0.005188 seconds.
- Loaded All Assemblies, in  0.279 seconds
Native extension for WindowsStandalone target not found
Mono: successfully reloaded assembly
- Finished resetting the current domain, in  0.228 seconds
Domain Reload Profiling: 506ms
	BeginReloadAssembly (86ms)
		ExecutionOrderSort (0ms)
		DisableScriptedObjects (0ms)
		BackupInstance (0ms)
		ReleaseScriptingObjects (0ms)
		CreateAndSetChildDomain (1ms)
	RebuildCommonClasses (25ms)
	RebuildNativeTypeToScriptingClass (8ms)
	initialDomainReloadingComplete (47ms)
	LoadAllAssembliesAndSetupDomain (111ms)
		LoadAssemblies (85ms)
		RebuildTransferFunctionScriptingTraits (0ms)
		AnalyzeDomain (110ms)
			TypeCache.Refresh (108ms)
				TypeCache.ScanAssembly (98ms)
			ScanForSourceGeneratedMonoScriptInfo (0ms)
			ResolveRequiredComponents (0ms)
	FinalizeReload (229ms)
		ReleaseScriptCaches (0ms)
		RebuildScriptCaches (0ms)
		SetupLoadedEditorAssemblies (179ms)
			LogAssemblyErrors (0ms)
			InitializePlatformSupportModulesInManaged (7ms)
			SetLoadedEditorAssemblies (6ms)
			RefreshPlugins (0ms)
			BeforeProcessingInitializeOnLoad (2ms)
			ProcessInitializeOnLoadAttributes (104ms)
			ProcessInitializeOnLoadMethodAttributes (60ms)
			AfterProcessingInitializeOnLoad (0ms)
			EditorAssembliesLoaded (0ms)
		ExecutionOrderSort2 (0ms)
		AwakeInstancesAfterBackupRestoration (0ms)
========================================================================
Worker process is ready to serve import requests
Begin MonoManager ReloadAssembly
- Loaded All Assemblies, in  0.497 seconds
Refreshing native plugins compatible for Editor in 2.18 ms, found 3 plugins.
Native extension for WindowsStandalone target not found
System.Exception: Error! Visual Scripting: couldn't find visual scripting package
  at Unity.VisualScripting.PackageVersionUtility.get_version () [0x00043] in .\Library\PackageCache\com.unity.visualscripting@1.9.1\Editor\VisualScripting.Core\Utilities\PackageVersionUtility.cs:31 
  at Unity.VisualScripting.BoltCoreManifest.get_version () [0x00000] in .\Library\PackageCache\com.unity.visualscripting@1.9.1\Editor\VisualScripting.Core\Plugin\BoltCoreManifest.cs:11 
  at Unity.VisualScripting.PluginManifest.get_currentVersion () [0x00000] in .\Library\PackageCache\com.unity.visualscripting@1.9.1\Editor\VisualScripting.Core\Plugins\PluginManifest.cs:33 
  at Unity.VisualScripting.PluginManifest.get_versionMismatch () [0x00000] in .\Library\PackageCache\com.unity.visualscripting@1.9.1\Editor\VisualScripting.Core\Plugins\PluginManifest.cs:48 
  at Unity.VisualScripting.PluginContainer.Initialize () [0x00525] in .\Library\PackageCache\com.unity.visualscripting@1.9.1\Editor\VisualScripting.Core\Plugins\PluginContainer.cs:208 
  at Unity.VisualScripting.PluginContainer.InitializeOnLoad () [0x00009] in .\Library\PackageCache\com.unity.visualscripting@1.9.1\Editor\VisualScripting.Core\Plugins\PluginContainer.cs:32 
  at Unity.VisualScripting.VSUsageUtility.DoInitializeOnLoadCalls () [0x00034] in .\Library\PackageCache\com.unity.visualscripting@1.9.1\Editor\VisualScripting.Core\Utilities\VSUsageUtility.cs:76 
  at Unity.VisualScripting.VSUsageUtility.set_isVisualScriptingUsed (System.Boolean value) [0x0002c] in .\Library\PackageCache\com.unity.visualscripting@1.9.1\Editor\VisualScripting.Core\Utilities\VSUsageUtility.cs:114 
  at Unity.VisualScripting.VSUsageUtility.CheckAndSetIsVisualScriptingUsed () [0x00032] in .\Library\PackageCache\com.unity.visualscripting@1.9.1\Editor\VisualScripting.Core\Utilities\VSUsageUtility.cs:48 
  at Unity.VisualScripting.VSUsageUtility..cctor () [0x00000] in .\Library\PackageCache\com.unity.visualscripting@1.9.1\Editor\VisualScripting.Core\Utilities\VSUsageUtility.cs:22 
UnityEngine.StackTraceUtility:ExtractStackTrace ()
UnityEngine.DebugLogHandler:LogFormat (UnityEngine.LogType,UnityEngine.Object,string,object[])
UnityEngine.Logger:Log (UnityEngine.LogType,object)
UnityEngine.Debug:LogError (object)
UnityEditor.EditorAssemblies:ProcessInitializeOnLoadAttributes (System.Type[])

Package Manager log level set to [2]
[Package Manager] Server::EnsureServerProcessIsRunning -- launch failed, reason: Unity was launched with the -noUpm command-line argument
[Package Manager] UpmClient::Send -- Unable to send message (not connected to UPM process).
[Package Manager] Cannot connect to Unity Package Manager local server
Mono: successfully reloaded assembly
- Finished resetting the current domain, in  0.714 seconds
Domain Reload Profiling: 1209ms
	BeginReloadAssembly (121ms)
		ExecutionOrderSort (0ms)
		DisableScriptedObjects (4ms)
		BackupInstance (0ms)
		ReleaseScriptingObjects (0ms)
		CreateAndSetChildDomain (17ms)
	RebuildCommonClasses (25ms)
	RebuildNativeTypeToScriptingClass (8ms)
	initialDomainReloadingComplete (33ms)
	LoadAllAssembliesAndSetupDomain (308ms)
		LoadAssemblies (245ms)
		RebuildTransferFunctionScriptingTraits (0ms)
		AnalyzeDomain (136ms)
			TypeCache.Refresh (121ms)
				TypeCache.ScanAssembly (109ms)
			ScanForSourceGeneratedMonoScriptInfo (11ms)
			ResolveRequiredComponents (3ms)
	FinalizeReload (714ms)
		ReleaseScriptCaches (0ms)
		RebuildScriptCaches (0ms)
		SetupLoadedEditorAssemblies (599ms)
			LogAssemblyErrors (0ms)
			InitializePlatformSupportModulesInManaged (5ms)
			SetLoadedEditorAssemblies (4ms)
			RefreshPlugins (0ms)
			BeforeProcessingInitializeOnLoad (47ms)
			ProcessInitializeOnLoadAttributes (524ms)
			ProcessInitializeOnLoadMethodAttributes (15ms)
			AfterProcessingInitializeOnLoad (5ms)
			EditorAssembliesLoaded (0ms)
		ExecutionOrderSort2 (0ms)
		AwakeInstancesAfterBackupRestoration (4ms)
Launched and connected shader compiler UnityShaderCompiler.exe after 0.04 seconds
Refreshing native plugins compatible for Editor in 3.77 ms, found 3 plugins.
Preloading 0 native plugins for Editor in 0.00 ms.
Unloading 3090 Unused Serialized files (Serialized files now loaded: 0)
Unloading 32 unused Assets / (57.4 KB). Loaded Objects now: 3575.
Memory consumption went from 132.9 MB to 132.9 MB.
Total: 16.175800 ms (FindLiveObjects: 0.234600 ms CreateObjectMapping: 0.123200 ms MarkObjects: 15.677600 ms  DeleteObjects: 0.138000 ms)

AssetImportParameters requested are different than current active one (requested -> active):
  custom:container-demuxer-ogg: 62fdf1f143b41e24485cea50d1cbac27 -> 
  custom:video-decoder-ogg-theora: a1e56fd34408186e4bbccfd4996cb3dc -> 
  custom:framework-win-MediaFoundation: 216162199b28c13a410421893ffa2e32 -> 
  custom:CustomObjectIndexerAttribute: 756ad292c208cfabdd7b50bc23989ffe -> 
  custom:container-demuxer-webm: 4f35f7cbe854078d1ac9338744f61a02 -> 
  custom:container-muxer-webm: aa71ff27fc2769a1b78a27578f13a17b -> 
  custom:video-decoder-webm-vp8: 9c59270c3fd7afecdb556c50c9e8de78 -> 
  custom:SearchIndexIgnoredProperties: e643bd26f0fe6173181afceb89e7c659 -> 
  custom:AudioImporter_EditorPlatform: d09bf68614088b80899f8185d706f6e7 -> 
  custom:video-encoder-webm-vp8: eb34c28f22e8b96e1ab97ce403110664 -> 
  custom:audio-decoder-ogg-vorbis: bf7c407c2cedff20999df2af8eb42d56 -> 
  custom:audio-encoder-webm-vorbis: bf7c407c2cedff20999df2af8eb42d56 -> 
========================================================================
Received Import Request.
  Time since last request: 44038.096679 seconds.
  path: Assets/Mini First Person Controller/First Person Controller Minimal.prefab
  artifactKey: Guid(f2e0b7ae4dae8cf44955bccd3512b213) Importer(815301076,1909f56bfc062723c751e8b465ee728b)
Start importing Assets/Mini First Person Controller/First Person Controller Minimal.prefab using Guid(f2e0b7ae4dae8cf44955bccd3512b213) Importer(815301076,1909f56bfc062723c751e8b465ee728b)  -> (artifact id: 'caee1932aa9406c0a55e131da14eb8c3') in 0.102129 seconds
Number of updated asset objects reloaded before import = 0
Number of asset objects unloaded after import = 33
========================================================================
Received Import Request.
  Time since last request: 305.443767 seconds.
  path: Assets/Blink/Art/Characters/Stylized/Humans/Materials_Humans/Beard1.mat
  artifactKey: Guid(2b8722774621290489629b8af9081387) Importer(815301076,1909f56bfc062723c751e8b465ee728b)
Start importing Assets/Blink/Art/Characters/Stylized/Humans/Materials_Humans/Beard1.mat using Guid(2b8722774621290489629b8af9081387) Importer(815301076,1909f56bfc062723c751e8b465ee728b)  -> (artifact id: 'c0d04da2672ee259d6cb45f259e22575') in 0.061918 seconds
Number of updated asset objects reloaded before import = 0
Number of asset objects unloaded after import = 5
========================================================================
Received Import Request.
  Time since last request: 0.000026 seconds.
  path: Assets/Blink/Art/Characters/Stylized/Humans/Materials_Humans/Face1.mat
  artifactKey: Guid(054d31690a0aa2b4ca36ab9490a41860) Importer(815301076,1909f56bfc062723c751e8b465ee728b)
Start importing Assets/Blink/Art/Characters/Stylized/Humans/Materials_Humans/Face1.mat using Guid(054d31690a0aa2b4ca36ab9490a41860) Importer(815301076,1909f56bfc062723c751e8b465ee728b)  -> (artifact id: 'f818d40455c416621c9e2416cf0f5cc0') in 0.070358 seconds
Number of updated asset objects reloaded before import = 0
Number of asset objects unloaded after import = 5
========================================================================
Received Import Request.
  Time since last request: 0.000015 seconds.
  path: Assets/Blink/Art/Characters/Stylized/Humans/Materials_Humans/Eyebrows.mat
  artifactKey: Guid(1b785a40cb9ab8e42bd50b5a2ba605ce) Importer(815301076,1909f56bfc062723c751e8b465ee728b)
Start importing Assets/Blink/Art/Characters/Stylized/Humans/Materials_Humans/Eyebrows.mat using Guid(1b785a40cb9ab8e42bd50b5a2ba605ce) Importer(815301076,1909f56bfc062723c751e8b465ee728b)  -> (artifact id: 'be92d312a65614f3ff11e56d1168996d') in 0.032059 seconds
Number of updated asset objects reloaded before import = 0
Number of asset objects unloaded after import = 5
========================================================================
Received Import Request.
  Time since last request: 0.000021 seconds.
  path: Assets/Blink/Art/Characters/Stylized/Humans/Materials_Humans/Beard3.mat
  artifactKey: Guid(8a2e206b5d152dd4baa9ca8f0aab825c) Importer(815301076,1909f56bfc062723c751e8b465ee728b)
Start importing Assets/Blink/Art/Characters/Stylized/Humans/Materials_Humans/Beard3.mat using Guid(8a2e206b5d152dd4baa9ca8f0aab825c) Importer(815301076,1909f56bfc062723c751e8b465ee728b)  -> (artifact id: '7e3101f5d3760843653ccf44d8a38011') in 0.027743 seconds
Number of updated asset objects reloaded before import = 0
Number of asset objects unloaded after import = 5
========================================================================
Received Import Request.
  Time since last request: 2.236425 seconds.
  path: Assets/Blink/Art/Characters/Stylized/Humans/Meshes_Humans/StylizedHumanMale_Beard3.fbx
  artifactKey: Guid(d393170f45a6d0149b602b763acf4cb7) Importer(815301076,1909f56bfc062723c751e8b465ee728b)
Start importing Assets/Blink/Art/Characters/Stylized/Humans/Meshes_Humans/StylizedHumanMale_Beard3.fbx using Guid(d393170f45a6d0149b602b763acf4cb7) Importer(815301076,1909f56bfc062723c751e8b465ee728b)  -> (artifact id: '4e98a23a2f625396dad5e65029d3ef07') in 0.062507 seconds
Number of updated asset objects reloaded before import = 0
Number of asset objects unloaded after import = 182
========================================================================
Received Import Request.
  Time since last request: 0.000020 seconds.
  path: Assets/Blink/Art/Characters/Stylized/Humans/Meshes_Humans/StylizedHumanMale_Face1.fbx
  artifactKey: Guid(1f5e1f35102e339459ae10bcf684ee2d) Importer(815301076,1909f56bfc062723c751e8b465ee728b)
Start importing Assets/Blink/Art/Characters/Stylized/Humans/Meshes_Humans/StylizedHumanMale_Face1.fbx using Guid(1f5e1f35102e339459ae10bcf684ee2d) Importer(815301076,1909f56bfc062723c751e8b465ee728b)  -> (artifact id: '2dd404194a40670dcad10b7735077a7c') in 0.029813 seconds
Number of updated asset objects reloaded before import = 0
Number of asset objects unloaded after import = 165
========================================================================
Received Import Request.
  Time since last request: 0.000015 seconds.
  path: Assets/Blink/Art/Characters/Stylized/Humans/Meshes_Humans/StylizedHumanMale_TopKnot.fbx
  artifactKey: Guid(a6d7db1de2226af429da52cf7c2b1169) Importer(815301076,1909f56bfc062723c751e8b465ee728b)
Start importing Assets/Blink/Art/Characters/Stylized/Humans/Meshes_Humans/StylizedHumanMale_TopKnot.fbx using Guid(a6d7db1de2226af429da52cf7c2b1169) Importer(815301076,1909f56bfc062723c751e8b465ee728b)  -> (artifact id: 'd95e3a8cd12343bb9464e6afba4e09bc') in 0.031780 seconds
Number of updated asset objects reloaded before import = 0
Number of asset objects unloaded after import = 24
========================================================================
Received Import Request.
  Time since last request: 0.000020 seconds.
  path: Assets/Blink/Art/Characters/Stylized/Humans/Meshes_Humans/StylizedHumanMale_Hair2.fbx
  artifactKey: Guid(4ae144e9f7cc1024789fec711c9fe589) Importer(815301076,1909f56bfc062723c751e8b465ee728b)
Start importing Assets/Blink/Art/Characters/Stylized/Humans/Meshes_Humans/StylizedHumanMale_Hair2.fbx using Guid(4ae144e9f7cc1024789fec711c9fe589) Importer(815301076,1909f56bfc062723c751e8b465ee728b)  -> (artifact id: '0e91d1185dc4efa9bcaba2bfc9aae3c0') in 0.029576 seconds
Number of updated asset objects reloaded before import = 0
Number of asset objects unloaded after import = 23
========================================================================
Received Import Request.
  Time since last request: 6.342126 seconds.
  path: Assets/Blink/Art/Characters/Stylized/Humans/Textures_Humans/HM_Accessories_T_BaseColor3.png
  artifactKey: Guid(db239ec122f611d47b4e9c445c141437) Importer(815301076,1909f56bfc062723c751e8b465ee728b)
Start importing Assets/Blink/Art/Characters/Stylized/Humans/Textures_Humans/HM_Accessories_T_BaseColor3.png using Guid(db239ec122f611d47b4e9c445c141437) Importer(815301076,1909f56bfc062723c751e8b465ee728b)  -> (artifact id: '740f7554628e7eeb6d51e38d54baa693') in 0.024388 seconds
Number of updated asset objects reloaded before import = 0
Number of asset objects unloaded after import = 2
========================================================================
Received Import Request.
  Time since last request: 0.000024 seconds.
  path: Assets/Blink/Art/Characters/Stylized/Humans/Textures_Humans/HM_Body_Metallic.png
  artifactKey: Guid(1da532cca8ff9d542bf8578cad63da06) Importer(815301076,1909f56bfc062723c751e8b465ee728b)
Start importing Assets/Blink/Art/Characters/Stylized/Humans/Textures_Humans/HM_Body_Metallic.png using Guid(1da532cca8ff9d542bf8578cad63da06) Importer(815301076,1909f56bfc062723c751e8b465ee728b)  -> (artifact id: '93ab111bd5696fdf1352643ed2537406') in 0.022427 seconds
Number of updated asset objects reloaded before import = 0
Number of asset objects unloaded after import = 2
========================================================================
Received Import Request.
  Time since last request: 0.000126 seconds.
  path: Assets/Blink/Art/Characters/Stylized/Humans/Textures_Humans/HM_Hair_1_Normal.png
  artifactKey: Guid(b5b8b0556071abf46886ebf5c8a1d67a) Importer(815301076,1909f56bfc062723c751e8b465ee728b)
Start importing Assets/Blink/Art/Characters/Stylized/Humans/Textures_Humans/HM_Hair_1_Normal.png using Guid(b5b8b0556071abf46886ebf5c8a1d67a) Importer(815301076,1909f56bfc062723c751e8b465ee728b)  -> (artifact id: 'b23f835f00652ae448855b88e40ad4e2') in 0.027430 seconds
Number of updated asset objects reloaded before import = 0
Number of asset objects unloaded after import = 2
========================================================================
Received Import Request.
  Time since last request: 0.000021 seconds.
  path: Assets/Blink/Art/Characters/Stylized/Humans/Textures_Humans/HM_Hair_2_AO.png
  artifactKey: Guid(39dc6c88edcc84a47a90557ce85ea574) Importer(815301076,1909f56bfc062723c751e8b465ee728b)
Start importing Assets/Blink/Art/Characters/Stylized/Humans/Textures_Humans/HM_Hair_2_AO.png using Guid(39dc6c88edcc84a47a90557ce85ea574) Importer(815301076,1909f56bfc062723c751e8b465ee728b)  -> (artifact id: 'd0ac43d7cd2729f2b52e8b29877b2c0f') in 0.019345 seconds
Number of updated asset objects reloaded before import = 0
Number of asset objects unloaded after import = 2
========================================================================
Received Import Request.
  Time since last request: 0.000031 seconds.
  path: Assets/Blink/Art/Characters/Stylized/Humans/Textures_Humans/HM_Beard_3_BaseColor.png
  artifactKey: Guid(8758dcce90534d447a2730abdb6b12b4) Importer(815301076,1909f56bfc062723c751e8b465ee728b)
Start importing Assets/Blink/Art/Characters/Stylized/Humans/Textures_Humans/HM_Beard_3_BaseColor.png using Guid(8758dcce90534d447a2730abdb6b12b4) Importer(815301076,1909f56bfc062723c751e8b465ee728b)  -> (artifact id: 'c2c2e29f662736b066d6e87dea741d97') in 0.022068 seconds
Number of updated asset objects reloaded before import = 0
Number of asset objects unloaded after import = 2
========================================================================
Received Import Request.
  Time since last request: 0.000017 seconds.
  path: Assets/Blink/Art/Characters/Stylized/Humans/Textures_Humans/HM_Beard_1_Roughness.png
  artifactKey: Guid(4794f77290c4e3a4e94b5e0e924f1e51) Importer(815301076,1909f56bfc062723c751e8b465ee728b)
Start importing Assets/Blink/Art/Characters/Stylized/Humans/Textures_Humans/HM_Beard_1_Roughness.png using Guid(4794f77290c4e3a4e94b5e0e924f1e51) Importer(815301076,1909f56bfc062723c751e8b465ee728b)  -> (artifact id: 'bed23f7929a2559c066ece357a6af09e') in 0.018811 seconds
Number of updated asset objects reloaded before import = 0
Number of asset objects unloaded after import = 2
========================================================================
Received Import Request.
  Time since last request: 0.000015 seconds.
  path: Assets/Blink/Art/Characters/Stylized/Humans/Textures_Humans/HM_Hair_1_Roughness.png
  artifactKey: Guid(aa421fbf2a3cd4141b562bb7f623769b) Importer(815301076,1909f56bfc062723c751e8b465ee728b)
Start importing Assets/Blink/Art/Characters/Stylized/Humans/Textures_Humans/HM_Hair_1_Roughness.png using Guid(aa421fbf2a3cd4141b562bb7f623769b) Importer(815301076,1909f56bfc062723c751e8b465ee728b)  -> (artifact id: 'b9c492f242f75ff6197c556dc1de99f3') in 0.017296 seconds
Number of updated asset objects reloaded before import = 0
Number of asset objects unloaded after import = 2
========================================================================
Received Import Request.
  Time since last request: 0.000143 seconds.
  path: Assets/Blink/Art/Characters/Stylized/Humans/Textures_Humans/HM_Hair_2_BaseColor.png
  artifactKey: Guid(6c93c2186a6642e4386272101c5d5516) Importer(815301076,1909f56bfc062723c751e8b465ee728b)
Start importing Assets/Blink/Art/Characters/Stylized/Humans/Textures_Humans/HM_Hair_2_BaseColor.png using Guid(6c93c2186a6642e4386272101c5d5516) Importer(815301076,1909f56bfc062723c751e8b465ee728b)  -> (artifact id: 'dc892d8f7151c0ec174f658d1402d0cd') in 0.019934 seconds
Number of updated asset objects reloaded before import = 0
Number of asset objects unloaded after import = 2
========================================================================
Received Import Request.
  Time since last request: 0.000014 seconds.
  path: Assets/Blink/Art/Characters/Stylized/Humans/Textures_Humans/HM_Eyes_Roughness.png
  artifactKey: Guid(eec8d82a8984fe246b4a3e8dbc347f2a) Importer(815301076,1909f56bfc062723c751e8b465ee728b)
Start importing Assets/Blink/Art/Characters/Stylized/Humans/Textures_Humans/HM_Eyes_Roughness.png using Guid(eec8d82a8984fe246b4a3e8dbc347f2a) Importer(815301076,1909f56bfc062723c751e8b465ee728b)  -> (artifact id: 'e566f20116c3b3f23dc78637b4c1afdc') in 0.025728 seconds
Number of updated asset objects reloaded before import = 0
Number of asset objects unloaded after import = 2
========================================================================
Received Import Request.
  Time since last request: 0.000100 seconds.
  path: Assets/Blink/Art/Characters/Stylized/Humans/Textures_Humans/HM_Eyebrows_AO.png
  artifactKey: Guid(f3348c3f4b4326c47b4cd9b43124f7fa) Importer(815301076,1909f56bfc062723c751e8b465ee728b)
Start importing Assets/Blink/Art/Characters/Stylized/Humans/Textures_Humans/HM_Eyebrows_AO.png using Guid(f3348c3f4b4326c47b4cd9b43124f7fa) Importer(815301076,1909f56bfc062723c751e8b465ee728b)  -> (artifact id: '852184236be729beffb8cf389aa2f386') in 0.019382 seconds
Number of updated asset objects reloaded before import = 0
Number of asset objects unloaded after import = 2
========================================================================
Received Import Request.
  Time since last request: 3.398397 seconds.
  path: Assets/Terrain/TerrainData_9d7c93fb-ac4d-49d8-a81f-b8859c06174c.asset
  artifactKey: Guid(5ff982e66c5f6754cb654505705e5d1f) Importer(815301076,1909f56bfc062723c751e8b465ee728b)
Start importing Assets/Terrain/TerrainData_9d7c93fb-ac4d-49d8-a81f-b8859c06174c.asset using Guid(5ff982e66c5f6754cb654505705e5d1f) Importer(815301076,1909f56bfc062723c751e8b465ee728b)  -> (artifact id: 'c390c25d84f1d09ba5a9cb02331ef433') in 0.004433 seconds
Number of updated asset objects reloaded before import = 0
Number of asset objects unloaded after import = 1
========================================================================
Received Import Request.
  Time since last request: 0.000067 seconds.
  path: Assets/Terrain/TerrainData_c428d201-8f65-487e-8a7a-d444f70e2f54.asset
  artifactKey: Guid(a88fb58dadb51b442a948ff8c2d7a5f3) Importer(815301076,1909f56bfc062723c751e8b465ee728b)
Start importing Assets/Terrain/TerrainData_c428d201-8f65-487e-8a7a-d444f70e2f54.asset using Guid(a88fb58dadb51b442a948ff8c2d7a5f3) Importer(815301076,1909f56bfc062723c751e8b465ee728b)  -> (artifact id: 'b3640cd68f2a2874e7ec399a0ad0434d') in 0.004036 seconds
Number of updated asset objects reloaded before import = 0
Number of asset objects unloaded after import = 1
Editor requested this worker to shutdown with reason: Scaling down because of idle timeout
TcpMessagingSession - receive error: operation aborted. errorcode: 995, details: The I/O operation has been aborted because of either a thread exit or an application request.
AssetImportWorker is now disconnected from the server
Process exiting
Exiting without the bug reporter. Application will terminate with return code 0